CRITICAL - 2023-04-26 05:49:26 --> json_decode() expects parameter 1 to be string, array given
in APPPATH/Controllers/User.php on line 49.
 1 [internal function]: CodeIgniter\Debug\Exceptions->errorHandler()
 2 APPPATH/Controllers/User.php(49): json_decode()
 3 APPPATH/Controllers/User.php(36): App\Controllers\User->jsonReturn()
 4 SYSTEMPATH/CodeIgniter.php(934): App\Controllers\User->userLogin()
 5 SYSTEMPATH/CodeIgniter.php(499): CodeIgniter\CodeIgniter->runController()
 6 SYSTEMPATH/CodeIgniter.php(368): CodeIgniter\CodeIgniter->handleRequest()
 7 FCPATH/index.php(68): CodeIgniter\CodeIgniter->run()
CRITICAL - 2023-04-26 05:50:03 --> json_decode() expects parameter 1 to be string, array given
in APPPATH/Controllers/User.php on line 49.
 1 [internal function]: CodeIgniter\Debug\Exceptions->errorHandler()
 2 APPPATH/Controllers/User.php(49): json_decode()
 3 APPPATH/Controllers/User.php(36): App\Controllers\User->jsonReturn()
 4 SYSTEMPATH/CodeIgniter.php(934): App\Controllers\User->userLogin()
 5 SYSTEMPATH/CodeIgniter.php(499): CodeIgniter\CodeIgniter->runController()
 6 SYSTEMPATH/CodeIgniter.php(368): CodeIgniter\CodeIgniter->handleRequest()
 7 FCPATH/index.php(68): CodeIgniter\CodeIgniter->run()
CRITICAL - 2023-04-26 05:59:19 --> Call to undefined method App\Controllers\User::response()
in APPPATH/Controllers/User.php on line 37.
 1 SYSTEMPATH/CodeIgniter.php(934): App\Controllers\User->userLogin()
 2 SYSTEMPATH/CodeIgniter.php(499): CodeIgniter\CodeIgniter->runController()
 3 SYSTEMPATH/CodeIgniter.php(368): CodeIgniter\CodeIgniter->handleRequest()
 4 FCPATH/index.php(68): CodeIgniter\CodeIgniter->run()
CRITICAL - 2023-04-26 05:59:21 --> Call to undefined method App\Controllers\User::response()
in APPPATH/Controllers/User.php on line 37.
 1 SYSTEMPATH/CodeIgniter.php(934): App\Controllers\User->userLogin()
 2 SYSTEMPATH/CodeIgniter.php(499): CodeIgniter\CodeIgniter->runController()
 3 SYSTEMPATH/CodeIgniter.php(368): CodeIgniter\CodeIgniter->handleRequest()
 4 FCPATH/index.php(68): CodeIgniter\CodeIgniter->run()
