CRITICAL - 2023-05-16 08:48:14 --> Undefined variable: feelingtreemodel
in APPPATH/Controllers/FellingTree.php on line 93.
 1 APPPATH/Controllers/FellingTree.php(93): CodeIgniter\Debug\Exceptions->errorHandler()
 2 SYSTEMPATH/CodeIgniter.php(934): App\Controllers\FellingTree->getTreeFeelingRecords()
 3 SYSTEMPATH/CodeIgniter.php(499): CodeIgniter\CodeIgniter->runController()
 4 SYSTEMPATH/CodeIgniter.php(368): CodeIgniter\CodeIgniter->handleRequest()
 5 FCPATH/index.php(68): CodeIgniter\CodeIgniter->run()
CRITICAL - 2023-05-16 08:48:34 --> Undefined variable: FeelingTreeModel
in APPPATH/Controllers/FellingTree.php on line 93.
 1 APPPATH/Controllers/FellingTree.php(93): CodeIgniter\Debug\Exceptions->errorHandler()
 2 SYSTEMPATH/CodeIgniter.php(934): App\Controllers\FellingTree->getTreeFeelingRecords()
 3 SYSTEMPATH/CodeIgniter.php(499): CodeIgniter\CodeIgniter->runController()
 4 SYSTEMPATH/CodeIgniter.php(368): CodeIgniter\CodeIgniter->handleRequest()
 5 FCPATH/index.php(68): CodeIgniter\CodeIgniter->run()
CRITICAL - 2023-05-16 08:48:34 --> Undefined variable: FeelingTreeModel
in APPPATH/Controllers/FellingTree.php on line 93.
 1 APPPATH/Controllers/FellingTree.php(93): CodeIgniter\Debug\Exceptions->errorHandler()
 2 SYSTEMPATH/CodeIgniter.php(934): App\Controllers\FellingTree->getTreeFeelingRecords()
 3 SYSTEMPATH/CodeIgniter.php(499): CodeIgniter\CodeIgniter->runController()
 4 SYSTEMPATH/CodeIgniter.php(368): CodeIgniter\CodeIgniter->handleRequest()
 5 FCPATH/index.php(68): CodeIgniter\CodeIgniter->run()
CRITICAL - 2023-05-16 08:48:35 --> Undefined variable: FeelingTreeModel
in APPPATH/Controllers/FellingTree.php on line 93.
 1 APPPATH/Controllers/FellingTree.php(93): CodeIgniter\Debug\Exceptions->errorHandler()
 2 SYSTEMPATH/CodeIgniter.php(934): App\Controllers\FellingTree->getTreeFeelingRecords()
 3 SYSTEMPATH/CodeIgniter.php(499): CodeIgniter\CodeIgniter->runController()
 4 SYSTEMPATH/CodeIgniter.php(368): CodeIgniter\CodeIgniter->handleRequest()
 5 FCPATH/index.php(68): CodeIgniter\CodeIgniter->run()
CRITICAL - 2023-05-16 11:18:15 --> Undefined variable: Model
in APPPATH/Controllers/FellingTree.php on line 93.
 1 APPPATH/Controllers/FellingTree.php(93): CodeIgniter\Debug\Exceptions->errorHandler()
 2 SYSTEMPATH/CodeIgniter.php(934): App\Controllers\FellingTree->getTreeFeelingRecords()
 3 SYSTEMPATH/CodeIgniter.php(499): CodeIgniter\CodeIgniter->runController()
 4 SYSTEMPATH/CodeIgniter.php(368): CodeIgniter\CodeIgniter->handleRequest()
 5 FCPATH/index.php(68): CodeIgniter\CodeIgniter->run()
CRITICAL - 2023-05-16 11:18:16 --> Undefined variable: Model
in APPPATH/Controllers/FellingTree.php on line 93.
 1 APPPATH/Controllers/FellingTree.php(93): CodeIgniter\Debug\Exceptions->errorHandler()
 2 SYSTEMPATH/CodeIgniter.php(934): App\Controllers\FellingTree->getTreeFeelingRecords()
 3 SYSTEMPATH/CodeIgniter.php(499): CodeIgniter\CodeIgniter->runController()
 4 SYSTEMPATH/CodeIgniter.php(368): CodeIgniter\CodeIgniter->handleRequest()
 5 FCPATH/index.php(68): CodeIgniter\CodeIgniter->run()
CRITICAL - 2023-05-16 11:18:17 --> Undefined variable: Model
in APPPATH/Controllers/FellingTree.php on line 93.
 1 APPPATH/Controllers/FellingTree.php(93): CodeIgniter\Debug\Exceptions->errorHandler()
 2 SYSTEMPATH/CodeIgniter.php(934): App\Controllers\FellingTree->getTreeFeelingRecords()
 3 SYSTEMPATH/CodeIgniter.php(499): CodeIgniter\CodeIgniter->runController()
 4 SYSTEMPATH/CodeIgniter.php(368): CodeIgniter\CodeIgniter->handleRequest()
 5 FCPATH/index.php(68): CodeIgniter\CodeIgniter->run()
CRITICAL - 2023-05-16 11:18:17 --> Undefined variable: Model
in APPPATH/Controllers/FellingTree.php on line 93.
 1 APPPATH/Controllers/FellingTree.php(93): CodeIgniter\Debug\Exceptions->errorHandler()
 2 SYSTEMPATH/CodeIgniter.php(934): App\Controllers\FellingTree->getTreeFeelingRecords()
 3 SYSTEMPATH/CodeIgniter.php(499): CodeIgniter\CodeIgniter->runController()
 4 SYSTEMPATH/CodeIgniter.php(368): CodeIgniter\CodeIgniter->handleRequest()
 5 FCPATH/index.php(68): CodeIgniter\CodeIgniter->run()
CRITICAL - 2023-05-16 11:18:26 --> Undefined variable: Model
in APPPATH/Controllers/FellingTree.php on line 93.
 1 APPPATH/Controllers/FellingTree.php(93): CodeIgniter\Debug\Exceptions->errorHandler()
 2 SYSTEMPATH/CodeIgniter.php(934): App\Controllers\FellingTree->getTreeFeelingRecords()
 3 SYSTEMPATH/CodeIgniter.php(499): CodeIgniter\CodeIgniter->runController()
 4 SYSTEMPATH/CodeIgniter.php(368): CodeIgniter\CodeIgniter->handleRequest()
 5 FCPATH/index.php(68): CodeIgniter\CodeIgniter->run()
CRITICAL - 2023-05-16 11:19:05 --> Undefined variable: Model
in APPPATH/Controllers/FellingTree.php on line 93.
 1 APPPATH/Controllers/FellingTree.php(93): CodeIgniter\Debug\Exceptions->errorHandler()
 2 SYSTEMPATH/CodeIgniter.php(934): App\Controllers\FellingTree->getTreeFeelingRecords()
 3 SYSTEMPATH/CodeIgniter.php(499): CodeIgniter\CodeIgniter->runController()
 4 SYSTEMPATH/CodeIgniter.php(368): CodeIgniter\CodeIgniter->handleRequest()
 5 FCPATH/index.php(68): CodeIgniter\CodeIgniter->run()
CRITICAL - 2023-05-16 11:19:05 --> Undefined variable: Model
in APPPATH/Controllers/FellingTree.php on line 93.
 1 APPPATH/Controllers/FellingTree.php(93): CodeIgniter\Debug\Exceptions->errorHandler()
 2 SYSTEMPATH/CodeIgniter.php(934): App\Controllers\FellingTree->getTreeFeelingRecords()
 3 SYSTEMPATH/CodeIgniter.php(499): CodeIgniter\CodeIgniter->runController()
 4 SYSTEMPATH/CodeIgniter.php(368): CodeIgniter\CodeIgniter->handleRequest()
 5 FCPATH/index.php(68): CodeIgniter\CodeIgniter->run()
CRITICAL - 2023-05-16 11:19:06 --> Undefined variable: Model
in APPPATH/Controllers/FellingTree.php on line 93.
 1 APPPATH/Controllers/FellingTree.php(93): CodeIgniter\Debug\Exceptions->errorHandler()
 2 SYSTEMPATH/CodeIgniter.php(934): App\Controllers\FellingTree->getTreeFeelingRecords()
 3 SYSTEMPATH/CodeIgniter.php(499): CodeIgniter\CodeIgniter->runController()
 4 SYSTEMPATH/CodeIgniter.php(368): CodeIgniter\CodeIgniter->handleRequest()
 5 FCPATH/index.php(68): CodeIgniter\CodeIgniter->run()
CRITICAL - 2023-05-16 11:19:06 --> Undefined variable: Model
in APPPATH/Controllers/FellingTree.php on line 93.
 1 APPPATH/Controllers/FellingTree.php(93): CodeIgniter\Debug\Exceptions->errorHandler()
 2 SYSTEMPATH/CodeIgniter.php(934): App\Controllers\FellingTree->getTreeFeelingRecords()
 3 SYSTEMPATH/CodeIgniter.php(499): CodeIgniter\CodeIgniter->runController()
 4 SYSTEMPATH/CodeIgniter.php(368): CodeIgniter\CodeIgniter->handleRequest()
 5 FCPATH/index.php(68): CodeIgniter\CodeIgniter->run()
