CRITICAL - 2023-05-25 05:32:54 --> Call to a member function setJSON() on null
in APPPATH/Controllers/FellingTree.php on line 224.
 1 SYSTEMPATH/CodeIgniter.php(934): App\Controllers\FellingTree->getTreeSpecies()
 2 SYSTEMPATH/CodeIgniter.php(499): CodeIgniter\CodeIgniter->runController()
 3 SYSTEMPATH/CodeIgniter.php(368): CodeIgniter\CodeIgniter->handleRequest()
 4 FCPATH/index.php(68): CodeIgniter\CodeIgniter->run()
CRITICAL - 2023-05-25 06:00:04 --> Call to a member function setJSON() on null
in APPPATH/Controllers/FellingTree.php on line 223.
 1 SYSTEMPATH/CodeIgniter.php(934): App\Controllers\FellingTree->getTreeSpecies()
 2 SYSTEMPATH/CodeIgniter.php(499): CodeIgniter\CodeIgniter->runController()
 3 SYSTEMPATH/CodeIgniter.php(368): CodeIgniter\CodeIgniter->handleRequest()
 4 FCPATH/index.php(68): CodeIgniter\CodeIgniter->run()
CRITICAL - 2023-05-25 06:00:27 --> Call to a member function setJSON() on null
in APPPATH/Controllers/FellingTree.php on line 223.
 1 SYSTEMPATH/CodeIgniter.php(934): App\Controllers\FellingTree->getTreeSpecies()
 2 SYSTEMPATH/CodeIgniter.php(499): CodeIgniter\CodeIgniter->runController()
 3 SYSTEMPATH/CodeIgniter.php(368): CodeIgniter\CodeIgniter->handleRequest()
 4 FCPATH/index.php(68): CodeIgniter\CodeIgniter->run()
CRITICAL - 2023-05-25 06:03:28 --> Undefined variable: userName
in APPPATH/Controllers/FellingTree.php on line 127.
 1 APPPATH/Controllers/FellingTree.php(127): CodeIgniter\Debug\Exceptions->errorHandler()
 2 SYSTEMPATH/CodeIgniter.php(934): App\Controllers\FellingTree->getTreeSpecies()
 3 SYSTEMPATH/CodeIgniter.php(499): CodeIgniter\CodeIgniter->runController()
 4 SYSTEMPATH/CodeIgniter.php(368): CodeIgniter\CodeIgniter->handleRequest()
 5 FCPATH/index.php(68): CodeIgniter\CodeIgniter->run()
CRITICAL - 2023-05-25 06:05:46 --> Call to a member function setJSON() on null
in APPPATH/Controllers/FellingTree.php on line 225.
 1 SYSTEMPATH/CodeIgniter.php(934): App\Controllers\FellingTree->getTreeSpecies()
 2 SYSTEMPATH/CodeIgniter.php(499): CodeIgniter\CodeIgniter->runController()
 3 SYSTEMPATH/CodeIgniter.php(368): CodeIgniter\CodeIgniter->handleRequest()
 4 FCPATH/index.php(68): CodeIgniter\CodeIgniter->run()
CRITICAL - 2023-05-25 06:43:40 --> Invalid file: "resume.php"
in SYSTEMPATH/Exceptions/FrameworkException.php on line 33.
 1 SYSTEMPATH/View/View.php(201): CodeIgniter\Exceptions\FrameworkException::forInvalidFile()
 2 SYSTEMPATH/Common.php(1184): CodeIgniter\View\View->render()
 3 APPPATH/Controllers/FellingTree.php(136): view()
 4 SYSTEMPATH/CodeIgniter.php(934): App\Controllers\FellingTree->getTreeSpecies()
 5 SYSTEMPATH/CodeIgniter.php(499): CodeIgniter\CodeIgniter->runController()
 6 SYSTEMPATH/CodeIgniter.php(368): CodeIgniter\CodeIgniter->handleRequest()
 7 FCPATH/index.php(68): CodeIgniter\CodeIgniter->run()
CRITICAL - 2023-05-25 06:44:04 --> Call to a member function setJSON() on null
in APPPATH/Controllers/FellingTree.php on line 149.
 1 SYSTEMPATH/CodeIgniter.php(934): App\Controllers\FellingTree->getTreeSpecies()
 2 SYSTEMPATH/CodeIgniter.php(499): CodeIgniter\CodeIgniter->runController()
 3 SYSTEMPATH/CodeIgniter.php(368): CodeIgniter\CodeIgniter->handleRequest()
 4 FCPATH/index.php(68): CodeIgniter\CodeIgniter->run()
CRITICAL - 2023-05-25 07:02:45 --> Call to a member function setJSON() on null
in APPPATH/Controllers/FellingTree.php on line 149.
 1 SYSTEMPATH/CodeIgniter.php(934): App\Controllers\FellingTree->getTreeSpecies()
 2 SYSTEMPATH/CodeIgniter.php(499): CodeIgniter\CodeIgniter->runController()
 3 SYSTEMPATH/CodeIgniter.php(368): CodeIgniter\CodeIgniter->handleRequest()
 4 FCPATH/index.php(68): CodeIgniter\CodeIgniter->run()
CRITICAL - 2023-05-25 07:03:02 --> Call to a member function setJSON() on null
in APPPATH/Controllers/FellingTree.php on line 149.
 1 SYSTEMPATH/CodeIgniter.php(934): App\Controllers\FellingTree->getTreeSpecies()
 2 SYSTEMPATH/CodeIgniter.php(499): CodeIgniter\CodeIgniter->runController()
 3 SYSTEMPATH/CodeIgniter.php(368): CodeIgniter\CodeIgniter->handleRequest()
 4 FCPATH/index.php(68): CodeIgniter\CodeIgniter->run()
CRITICAL - 2023-05-25 07:03:05 --> Call to a member function setJSON() on null
in APPPATH/Controllers/FellingTree.php on line 149.
 1 SYSTEMPATH/CodeIgniter.php(934): App\Controllers\FellingTree->getTreeSpecies()
 2 SYSTEMPATH/CodeIgniter.php(499): CodeIgniter\CodeIgniter->runController()
 3 SYSTEMPATH/CodeIgniter.php(368): CodeIgniter\CodeIgniter->handleRequest()
 4 FCPATH/index.php(68): CodeIgniter\CodeIgniter->run()
CRITICAL - 2023-05-25 07:03:06 --> Call to a member function setJSON() on null
in APPPATH/Controllers/FellingTree.php on line 149.
 1 SYSTEMPATH/CodeIgniter.php(934): App\Controllers\FellingTree->getTreeSpecies()
 2 SYSTEMPATH/CodeIgniter.php(499): CodeIgniter\CodeIgniter->runController()
 3 SYSTEMPATH/CodeIgniter.php(368): CodeIgniter\CodeIgniter->handleRequest()
 4 FCPATH/index.php(68): CodeIgniter\CodeIgniter->run()
CRITICAL - 2023-05-25 07:03:06 --> Call to a member function setJSON() on null
in APPPATH/Controllers/FellingTree.php on line 149.
 1 SYSTEMPATH/CodeIgniter.php(934): App\Controllers\FellingTree->getTreeSpecies()
 2 SYSTEMPATH/CodeIgniter.php(499): CodeIgniter\CodeIgniter->runController()
 3 SYSTEMPATH/CodeIgniter.php(368): CodeIgniter\CodeIgniter->handleRequest()
 4 FCPATH/index.php(68): CodeIgniter\CodeIgniter->run()
CRITICAL - 2023-05-25 07:03:06 --> Call to a member function setJSON() on null
in APPPATH/Controllers/FellingTree.php on line 149.
 1 SYSTEMPATH/CodeIgniter.php(934): App\Controllers\FellingTree->getTreeSpecies()
 2 SYSTEMPATH/CodeIgniter.php(499): CodeIgniter\CodeIgniter->runController()
 3 SYSTEMPATH/CodeIgniter.php(368): CodeIgniter\CodeIgniter->handleRequest()
 4 FCPATH/index.php(68): CodeIgniter\CodeIgniter->run()
CRITICAL - 2023-05-25 07:03:06 --> Call to a member function setJSON() on null
in APPPATH/Controllers/FellingTree.php on line 149.
 1 SYSTEMPATH/CodeIgniter.php(934): App\Controllers\FellingTree->getTreeSpecies()
 2 SYSTEMPATH/CodeIgniter.php(499): CodeIgniter\CodeIgniter->runController()
 3 SYSTEMPATH/CodeIgniter.php(368): CodeIgniter\CodeIgniter->handleRequest()
 4 FCPATH/index.php(68): CodeIgniter\CodeIgniter->run()
CRITICAL - 2023-05-25 07:03:06 --> Call to a member function setJSON() on null
in APPPATH/Controllers/FellingTree.php on line 149.
 1 SYSTEMPATH/CodeIgniter.php(934): App\Controllers\FellingTree->getTreeSpecies()
 2 SYSTEMPATH/CodeIgniter.php(499): CodeIgniter\CodeIgniter->runController()
 3 SYSTEMPATH/CodeIgniter.php(368): CodeIgniter\CodeIgniter->handleRequest()
 4 FCPATH/index.php(68): CodeIgniter\CodeIgniter->run()
CRITICAL - 2023-05-25 07:05:28 --> Call to a member function setJSON() on null
in APPPATH/Controllers/FellingTree.php on line 149.
 1 SYSTEMPATH/CodeIgniter.php(934): App\Controllers\FellingTree->getTreeSpecies()
 2 SYSTEMPATH/CodeIgniter.php(499): CodeIgniter\CodeIgniter->runController()
 3 SYSTEMPATH/CodeIgniter.php(368): CodeIgniter\CodeIgniter->handleRequest()
 4 FCPATH/index.php(68): CodeIgniter\CodeIgniter->run()
CRITICAL - 2023-05-25 07:17:41 --> Invalid file: "pdf_template.php"
in SYSTEMPATH/Exceptions/FrameworkException.php on line 33.
 1 SYSTEMPATH/View/View.php(201): CodeIgniter\Exceptions\FrameworkException::forInvalidFile()
 2 SYSTEMPATH/Common.php(1184): CodeIgniter\View\View->render()
 3 APPPATH/Controllers/FellingTree.php(140): view()
 4 SYSTEMPATH/CodeIgniter.php(934): App\Controllers\FellingTree->getTreeSpecies()
 5 SYSTEMPATH/CodeIgniter.php(499): CodeIgniter\CodeIgniter->runController()
 6 SYSTEMPATH/CodeIgniter.php(368): CodeIgniter\CodeIgniter->handleRequest()
 7 FCPATH/index.php(68): CodeIgniter\CodeIgniter->run()
CRITICAL - 2023-05-25 07:18:01 --> syntax error, unexpected 'use' (T_USE)
in APPPATH/Controllers/FellingTree.php on line 132.
 1 SYSTEMPATH/Autoloader/Autoloader.php(289): CodeIgniter\Autoloader\Autoloader->includeFile()
 2 SYSTEMPATH/Autoloader/Autoloader.php(267): CodeIgniter\Autoloader\Autoloader->loadInNamespace()
 3 [internal function]: CodeIgniter\Autoloader\Autoloader->loadClass()
 4 [internal function]: spl_autoload_call()
 5 SYSTEMPATH/CodeIgniter.php(892): class_exists()
 6 SYSTEMPATH/CodeIgniter.php(486): CodeIgniter\CodeIgniter->startController()
 7 SYSTEMPATH/CodeIgniter.php(368): CodeIgniter\CodeIgniter->handleRequest()
 8 FCPATH/index.php(68): CodeIgniter\CodeIgniter->run()
CRITICAL - 2023-05-25 07:20:09 --> Invalid file: "pdf_template.php"
in SYSTEMPATH/Exceptions/FrameworkException.php on line 33.
 1 SYSTEMPATH/View/View.php(201): CodeIgniter\Exceptions\FrameworkException::forInvalidFile()
 2 SYSTEMPATH/Common.php(1184): CodeIgniter\View\View->render()
 3 APPPATH/Controllers/FellingTree.php(142): view()
 4 SYSTEMPATH/CodeIgniter.php(934): App\Controllers\FellingTree->getTreeSpecies()
 5 SYSTEMPATH/CodeIgniter.php(499): CodeIgniter\CodeIgniter->runController()
 6 SYSTEMPATH/CodeIgniter.php(368): CodeIgniter\CodeIgniter->handleRequest()
 7 FCPATH/index.php(68): CodeIgniter\CodeIgniter->run()
CRITICAL - 2023-05-25 07:43:22 --> Call to a member function setJSON() on null
in APPPATH/Controllers/FellingTree.php on line 227.
 1 SYSTEMPATH/CodeIgniter.php(934): App\Controllers\FellingTree->getTreeSpecies()
 2 SYSTEMPATH/CodeIgniter.php(499): CodeIgniter\CodeIgniter->runController()
 3 SYSTEMPATH/CodeIgniter.php(368): CodeIgniter\CodeIgniter->handleRequest()
 4 FCPATH/index.php(68): CodeIgniter\CodeIgniter->run()
CRITICAL - 2023-05-25 07:45:22 --> Call to a member function setJSON() on null
in APPPATH/Controllers/FellingTree.php on line 222.
 1 SYSTEMPATH/CodeIgniter.php(934): App\Controllers\FellingTree->getTreeSpecies()
 2 SYSTEMPATH/CodeIgniter.php(499): CodeIgniter\CodeIgniter->runController()
 3 SYSTEMPATH/CodeIgniter.php(368): CodeIgniter\CodeIgniter->handleRequest()
 4 FCPATH/index.php(68): CodeIgniter\CodeIgniter->run()
CRITICAL - 2023-05-25 07:45:23 --> Call to a member function setJSON() on null
in APPPATH/Controllers/FellingTree.php on line 222.
 1 SYSTEMPATH/CodeIgniter.php(934): App\Controllers\FellingTree->getTreeSpecies()
 2 SYSTEMPATH/CodeIgniter.php(499): CodeIgniter\CodeIgniter->runController()
 3 SYSTEMPATH/CodeIgniter.php(368): CodeIgniter\CodeIgniter->handleRequest()
 4 FCPATH/index.php(68): CodeIgniter\CodeIgniter->run()
CRITICAL - 2023-05-25 09:19:06 --> Object of class CodeIgniter\HTTP\Response could not be converted to string
in APPPATH/Controllers/FellingTree.php on line 112.
 1 SYSTEMPATH/CodeIgniter.php(934): App\Controllers\FellingTree->getTreeSpecies()
 2 SYSTEMPATH/CodeIgniter.php(499): CodeIgniter\CodeIgniter->runController()
 3 SYSTEMPATH/CodeIgniter.php(368): CodeIgniter\CodeIgniter->handleRequest()
 4 FCPATH/index.php(68): CodeIgniter\CodeIgniter->run()
CRITICAL - 2023-05-25 09:24:53 --> Call to a member function setJSON() on null
in APPPATH/Controllers/FellingTree.php on line 220.
 1 SYSTEMPATH/CodeIgniter.php(934): App\Controllers\FellingTree->getTreeSpecies()
 2 SYSTEMPATH/CodeIgniter.php(499): CodeIgniter\CodeIgniter->runController()
 3 SYSTEMPATH/CodeIgniter.php(368): CodeIgniter\CodeIgniter->handleRequest()
 4 FCPATH/index.php(68): CodeIgniter\CodeIgniter->run()
CRITICAL - 2023-05-25 09:25:06 --> Call to a member function setJSON() on null
in APPPATH/Controllers/FellingTree.php on line 220.
 1 SYSTEMPATH/CodeIgniter.php(934): App\Controllers\FellingTree->getTreeSpecies()
 2 SYSTEMPATH/CodeIgniter.php(499): CodeIgniter\CodeIgniter->runController()
 3 SYSTEMPATH/CodeIgniter.php(368): CodeIgniter\CodeIgniter->handleRequest()
 4 FCPATH/index.php(68): CodeIgniter\CodeIgniter->run()
CRITICAL - 2023-05-25 09:27:06 --> Call to a member function setJSON() on null
in APPPATH/Controllers/FellingTree.php on line 220.
 1 SYSTEMPATH/CodeIgniter.php(934): App\Controllers\FellingTree->getTreeSpecies()
 2 SYSTEMPATH/CodeIgniter.php(499): CodeIgniter\CodeIgniter->runController()
 3 SYSTEMPATH/CodeIgniter.php(368): CodeIgniter\CodeIgniter->handleRequest()
 4 FCPATH/index.php(68): CodeIgniter\CodeIgniter->run()
CRITICAL - 2023-05-25 09:59:55 --> Call to a member function setJSON() on null
in APPPATH/Controllers/FellingTree.php on line 212.
 1 SYSTEMPATH/CodeIgniter.php(934): App\Controllers\FellingTree->getTreeSpecies()
 2 SYSTEMPATH/CodeIgniter.php(499): CodeIgniter\CodeIgniter->runController()
 3 SYSTEMPATH/CodeIgniter.php(368): CodeIgniter\CodeIgniter->handleRequest()
 4 FCPATH/index.php(68): CodeIgniter\CodeIgniter->run()
CRITICAL - 2023-05-25 10:00:04 --> Call to a member function setJSON() on null
in APPPATH/Controllers/FellingTree.php on line 212.
 1 SYSTEMPATH/CodeIgniter.php(934): App\Controllers\FellingTree->getTreeSpecies()
 2 SYSTEMPATH/CodeIgniter.php(499): CodeIgniter\CodeIgniter->runController()
 3 SYSTEMPATH/CodeIgniter.php(368): CodeIgniter\CodeIgniter->handleRequest()
 4 FCPATH/index.php(68): CodeIgniter\CodeIgniter->run()
CRITICAL - 2023-05-25 10:01:33 --> Call to a member function setJSON() on null
in APPPATH/Controllers/FellingTree.php on line 212.
 1 SYSTEMPATH/CodeIgniter.php(934): App\Controllers\FellingTree->getTreeSpecies()
 2 SYSTEMPATH/CodeIgniter.php(499): CodeIgniter\CodeIgniter->runController()
 3 SYSTEMPATH/CodeIgniter.php(368): CodeIgniter\CodeIgniter->handleRequest()
 4 FCPATH/index.php(68): CodeIgniter\CodeIgniter->run()
CRITICAL - 2023-05-25 10:02:01 --> Call to a member function setJSON() on null
in APPPATH/Controllers/FellingTree.php on line 212.
 1 SYSTEMPATH/CodeIgniter.php(934): App\Controllers\FellingTree->getTreeSpecies()
 2 SYSTEMPATH/CodeIgniter.php(499): CodeIgniter\CodeIgniter->runController()
 3 SYSTEMPATH/CodeIgniter.php(368): CodeIgniter\CodeIgniter->handleRequest()
 4 FCPATH/index.php(68): CodeIgniter\CodeIgniter->run()
CRITICAL - 2023-05-25 10:02:10 --> Call to a member function setJSON() on null
in APPPATH/Controllers/FellingTree.php on line 212.
 1 SYSTEMPATH/CodeIgniter.php(934): App\Controllers\FellingTree->getTreeSpecies()
 2 SYSTEMPATH/CodeIgniter.php(499): CodeIgniter\CodeIgniter->runController()
 3 SYSTEMPATH/CodeIgniter.php(368): CodeIgniter\CodeIgniter->handleRequest()
 4 FCPATH/index.php(68): CodeIgniter\CodeIgniter->run()
CRITICAL - 2023-05-25 10:03:10 --> Call to a member function setJSON() on null
in APPPATH/Controllers/FellingTree.php on line 212.
 1 SYSTEMPATH/CodeIgniter.php(934): App\Controllers\FellingTree->getTreeSpecies()
 2 SYSTEMPATH/CodeIgniter.php(499): CodeIgniter\CodeIgniter->runController()
 3 SYSTEMPATH/CodeIgniter.php(368): CodeIgniter\CodeIgniter->handleRequest()
 4 FCPATH/index.php(68): CodeIgniter\CodeIgniter->run()
CRITICAL - 2023-05-25 10:04:59 --> Call to a member function setJSON() on null
in APPPATH/Controllers/FellingTree.php on line 213.
 1 SYSTEMPATH/CodeIgniter.php(934): App\Controllers\FellingTree->getTreeSpecies()
 2 SYSTEMPATH/CodeIgniter.php(499): CodeIgniter\CodeIgniter->runController()
 3 SYSTEMPATH/CodeIgniter.php(368): CodeIgniter\CodeIgniter->handleRequest()
 4 FCPATH/index.php(68): CodeIgniter\CodeIgniter->run()
CRITICAL - 2023-05-25 11:35:55 --> Call to a member function select() on null
in APPPATH/Controllers/FellingTree.php on line 114.
 1 SYSTEMPATH/CodeIgniter.php(934): App\Controllers\FellingTree->getTreeSpecies()
 2 SYSTEMPATH/CodeIgniter.php(499): CodeIgniter\CodeIgniter->runController()
 3 SYSTEMPATH/CodeIgniter.php(368): CodeIgniter\CodeIgniter->handleRequest()
 4 FCPATH/index.php(68): CodeIgniter\CodeIgniter->run()
ERROR - 2023-05-25 11:36:32 --> mysqli_sql_exception: Column 'tree_feeling_id' in where clause is ambiguous in /var/www/html/eservices/system/Database/MySQLi/Connection.php:295
Stack trace:
#0 /var/www/html/eservices/system/Database/MySQLi/Connection.php(295): mysqli->query()
#1 /var/www/html/eservices/system/Database/BaseConnection.php(691): CodeIgniter\Database\MySQLi\Connection->execute()
#2 /var/www/html/eservices/system/Database/BaseConnection.php(605): CodeIgniter\Database\BaseConnection->simpleQuery()
#3 /var/www/html/eservices/system/Database/BaseBuilder.php(1616): CodeIgniter\Database\BaseConnection->query()
#4 /var/www/html/eservices/system/Model.php(241): CodeIgniter\Database\BaseBuilder->get()
#5 /var/www/html/eservices/system/BaseModel.php(618): CodeIgniter\Model->doFindAll()
#6 /var/www/html/eservices/app/Controllers/FellingTree.php(117): CodeIgniter\BaseModel->findAll()
#7 /var/www/html/eservices/system/CodeIgniter.php(934): App\Controllers\FellingTree->getTreeSpecies()
#8 /var/www/html/eservices/system/CodeIgniter.php(499): CodeIgniter\CodeIgniter->runController()
#9 /var/www/html/eservices/system/CodeIgniter.php(368): CodeIgniter\CodeIgniter->handleRequest()
#10 /var/www/html/eservices/index.php(68): CodeIgniter\CodeIgniter->run()
#11 {main}
CRITICAL - 2023-05-25 11:36:32 --> Column 'tree_feeling_id' in where clause is ambiguous
in SYSTEMPATH/Database/MySQLi/Connection.php on line 295.
 1 SYSTEMPATH/Database/MySQLi/Connection.php(295): mysqli->query()
 2 SYSTEMPATH/Database/BaseConnection.php(691): CodeIgniter\Database\MySQLi\Connection->execute()
 3 SYSTEMPATH/Database/BaseConnection.php(605): CodeIgniter\Database\BaseConnection->simpleQuery()
 4 SYSTEMPATH/Database/BaseBuilder.php(1616): CodeIgniter\Database\BaseConnection->query()
 5 SYSTEMPATH/Model.php(241): CodeIgniter\Database\BaseBuilder->get()
 6 SYSTEMPATH/BaseModel.php(618): CodeIgniter\Model->doFindAll()
 7 APPPATH/Controllers/FellingTree.php(117): CodeIgniter\BaseModel->findAll()
 8 SYSTEMPATH/CodeIgniter.php(934): App\Controllers\FellingTree->getTreeSpecies()
 9 SYSTEMPATH/CodeIgniter.php(499): CodeIgniter\CodeIgniter->runController()
10 SYSTEMPATH/CodeIgniter.php(368): CodeIgniter\CodeIgniter->handleRequest()
11 FCPATH/index.php(68): CodeIgniter\CodeIgniter->run()
ERROR - 2023-05-25 11:36:33 --> mysqli_sql_exception: Column 'tree_feeling_id' in where clause is ambiguous in /var/www/html/eservices/system/Database/MySQLi/Connection.php:295
Stack trace:
#0 /var/www/html/eservices/system/Database/MySQLi/Connection.php(295): mysqli->query()
#1 /var/www/html/eservices/system/Database/BaseConnection.php(691): CodeIgniter\Database\MySQLi\Connection->execute()
#2 /var/www/html/eservices/system/Database/BaseConnection.php(605): CodeIgniter\Database\BaseConnection->simpleQuery()
#3 /var/www/html/eservices/system/Database/BaseBuilder.php(1616): CodeIgniter\Database\BaseConnection->query()
#4 /var/www/html/eservices/system/Model.php(241): CodeIgniter\Database\BaseBuilder->get()
#5 /var/www/html/eservices/system/BaseModel.php(618): CodeIgniter\Model->doFindAll()
#6 /var/www/html/eservices/app/Controllers/FellingTree.php(117): CodeIgniter\BaseModel->findAll()
#7 /var/www/html/eservices/system/CodeIgniter.php(934): App\Controllers\FellingTree->getTreeSpecies()
#8 /var/www/html/eservices/system/CodeIgniter.php(499): CodeIgniter\CodeIgniter->runController()
#9 /var/www/html/eservices/system/CodeIgniter.php(368): CodeIgniter\CodeIgniter->handleRequest()
#10 /var/www/html/eservices/index.php(68): CodeIgniter\CodeIgniter->run()
#11 {main}
CRITICAL - 2023-05-25 11:36:33 --> Column 'tree_feeling_id' in where clause is ambiguous
in SYSTEMPATH/Database/MySQLi/Connection.php on line 295.
 1 SYSTEMPATH/Database/MySQLi/Connection.php(295): mysqli->query()
 2 SYSTEMPATH/Database/BaseConnection.php(691): CodeIgniter\Database\MySQLi\Connection->execute()
 3 SYSTEMPATH/Database/BaseConnection.php(605): CodeIgniter\Database\BaseConnection->simpleQuery()
 4 SYSTEMPATH/Database/BaseBuilder.php(1616): CodeIgniter\Database\BaseConnection->query()
 5 SYSTEMPATH/Model.php(241): CodeIgniter\Database\BaseBuilder->get()
 6 SYSTEMPATH/BaseModel.php(618): CodeIgniter\Model->doFindAll()
 7 APPPATH/Controllers/FellingTree.php(117): CodeIgniter\BaseModel->findAll()
 8 SYSTEMPATH/CodeIgniter.php(934): App\Controllers\FellingTree->getTreeSpecies()
 9 SYSTEMPATH/CodeIgniter.php(499): CodeIgniter\CodeIgniter->runController()
10 SYSTEMPATH/CodeIgniter.php(368): CodeIgniter\CodeIgniter->handleRequest()
11 FCPATH/index.php(68): CodeIgniter\CodeIgniter->run()
ERROR - 2023-05-25 11:36:33 --> mysqli_sql_exception: Column 'tree_feeling_id' in where clause is ambiguous in /var/www/html/eservices/system/Database/MySQLi/Connection.php:295
Stack trace:
#0 /var/www/html/eservices/system/Database/MySQLi/Connection.php(295): mysqli->query()
#1 /var/www/html/eservices/system/Database/BaseConnection.php(691): CodeIgniter\Database\MySQLi\Connection->execute()
#2 /var/www/html/eservices/system/Database/BaseConnection.php(605): CodeIgniter\Database\BaseConnection->simpleQuery()
#3 /var/www/html/eservices/system/Database/BaseBuilder.php(1616): CodeIgniter\Database\BaseConnection->query()
#4 /var/www/html/eservices/system/Model.php(241): CodeIgniter\Database\BaseBuilder->get()
#5 /var/www/html/eservices/system/BaseModel.php(618): CodeIgniter\Model->doFindAll()
#6 /var/www/html/eservices/app/Controllers/FellingTree.php(117): CodeIgniter\BaseModel->findAll()
#7 /var/www/html/eservices/system/CodeIgniter.php(934): App\Controllers\FellingTree->getTreeSpecies()
#8 /var/www/html/eservices/system/CodeIgniter.php(499): CodeIgniter\CodeIgniter->runController()
#9 /var/www/html/eservices/system/CodeIgniter.php(368): CodeIgniter\CodeIgniter->handleRequest()
#10 /var/www/html/eservices/index.php(68): CodeIgniter\CodeIgniter->run()
#11 {main}
CRITICAL - 2023-05-25 11:36:33 --> Column 'tree_feeling_id' in where clause is ambiguous
in SYSTEMPATH/Database/MySQLi/Connection.php on line 295.
 1 SYSTEMPATH/Database/MySQLi/Connection.php(295): mysqli->query()
 2 SYSTEMPATH/Database/BaseConnection.php(691): CodeIgniter\Database\MySQLi\Connection->execute()
 3 SYSTEMPATH/Database/BaseConnection.php(605): CodeIgniter\Database\BaseConnection->simpleQuery()
 4 SYSTEMPATH/Database/BaseBuilder.php(1616): CodeIgniter\Database\BaseConnection->query()
 5 SYSTEMPATH/Model.php(241): CodeIgniter\Database\BaseBuilder->get()
 6 SYSTEMPATH/BaseModel.php(618): CodeIgniter\Model->doFindAll()
 7 APPPATH/Controllers/FellingTree.php(117): CodeIgniter\BaseModel->findAll()
 8 SYSTEMPATH/CodeIgniter.php(934): App\Controllers\FellingTree->getTreeSpecies()
 9 SYSTEMPATH/CodeIgniter.php(499): CodeIgniter\CodeIgniter->runController()
10 SYSTEMPATH/CodeIgniter.php(368): CodeIgniter\CodeIgniter->handleRequest()
11 FCPATH/index.php(68): CodeIgniter\CodeIgniter->run()
ERROR - 2023-05-25 11:37:24 --> mysqli_sql_exception: Column 'tree_feling_id' in where clause is ambiguous in /var/www/html/eservices/system/Database/MySQLi/Connection.php:295
Stack trace:
#0 /var/www/html/eservices/system/Database/MySQLi/Connection.php(295): mysqli->query()
#1 /var/www/html/eservices/system/Database/BaseConnection.php(691): CodeIgniter\Database\MySQLi\Connection->execute()
#2 /var/www/html/eservices/system/Database/BaseConnection.php(605): CodeIgniter\Database\BaseConnection->simpleQuery()
#3 /var/www/html/eservices/system/Database/BaseBuilder.php(1616): CodeIgniter\Database\BaseConnection->query()
#4 /var/www/html/eservices/system/Model.php(241): CodeIgniter\Database\BaseBuilder->get()
#5 /var/www/html/eservices/system/BaseModel.php(618): CodeIgniter\Model->doFindAll()
#6 /var/www/html/eservices/app/Controllers/FellingTree.php(117): CodeIgniter\BaseModel->findAll()
#7 /var/www/html/eservices/system/CodeIgniter.php(934): App\Controllers\FellingTree->getTreeSpecies()
#8 /var/www/html/eservices/system/CodeIgniter.php(499): CodeIgniter\CodeIgniter->runController()
#9 /var/www/html/eservices/system/CodeIgniter.php(368): CodeIgniter\CodeIgniter->handleRequest()
#10 /var/www/html/eservices/index.php(68): CodeIgniter\CodeIgniter->run()
#11 {main}
CRITICAL - 2023-05-25 11:37:24 --> Column 'tree_feling_id' in where clause is ambiguous
in SYSTEMPATH/Database/MySQLi/Connection.php on line 295.
 1 SYSTEMPATH/Database/MySQLi/Connection.php(295): mysqli->query()
 2 SYSTEMPATH/Database/BaseConnection.php(691): CodeIgniter\Database\MySQLi\Connection->execute()
 3 SYSTEMPATH/Database/BaseConnection.php(605): CodeIgniter\Database\BaseConnection->simpleQuery()
 4 SYSTEMPATH/Database/BaseBuilder.php(1616): CodeIgniter\Database\BaseConnection->query()
 5 SYSTEMPATH/Model.php(241): CodeIgniter\Database\BaseBuilder->get()
 6 SYSTEMPATH/BaseModel.php(618): CodeIgniter\Model->doFindAll()
 7 APPPATH/Controllers/FellingTree.php(117): CodeIgniter\BaseModel->findAll()
 8 SYSTEMPATH/CodeIgniter.php(934): App\Controllers\FellingTree->getTreeSpecies()
 9 SYSTEMPATH/CodeIgniter.php(499): CodeIgniter\CodeIgniter->runController()
10 SYSTEMPATH/CodeIgniter.php(368): CodeIgniter\CodeIgniter->handleRequest()
11 FCPATH/index.php(68): CodeIgniter\CodeIgniter->run()
ERROR - 2023-05-25 11:49:59 --> mysqli_sql_exception: Unknown column 'natural_tree_species.natural_tree_species' in 'on clause' in /var/www/html/eservices/system/Database/MySQLi/Connection.php:295
Stack trace:
#0 /var/www/html/eservices/system/Database/MySQLi/Connection.php(295): mysqli->query()
#1 /var/www/html/eservices/system/Database/BaseConnection.php(691): CodeIgniter\Database\MySQLi\Connection->execute()
#2 /var/www/html/eservices/system/Database/BaseConnection.php(605): CodeIgniter\Database\BaseConnection->simpleQuery()
#3 /var/www/html/eservices/system/Database/BaseBuilder.php(1616): CodeIgniter\Database\BaseConnection->query()
#4 /var/www/html/eservices/system/Model.php(840): CodeIgniter\Database\BaseBuilder->get()
#5 /var/www/html/eservices/app/Controllers/FellingTree.php(122): CodeIgniter\Model->__call()
#6 /var/www/html/eservices/system/CodeIgniter.php(934): App\Controllers\FellingTree->getTreeSpecies()
#7 /var/www/html/eservices/system/CodeIgniter.php(499): CodeIgniter\CodeIgniter->runController()
#8 /var/www/html/eservices/system/CodeIgniter.php(368): CodeIgniter\CodeIgniter->handleRequest()
#9 /var/www/html/eservices/index.php(68): CodeIgniter\CodeIgniter->run()
#10 {main}
CRITICAL - 2023-05-25 11:49:59 --> Unknown column 'natural_tree_species.natural_tree_species' in 'on clause'
in SYSTEMPATH/Database/MySQLi/Connection.php on line 295.
 1 SYSTEMPATH/Database/MySQLi/Connection.php(295): mysqli->query()
 2 SYSTEMPATH/Database/BaseConnection.php(691): CodeIgniter\Database\MySQLi\Connection->execute()
 3 SYSTEMPATH/Database/BaseConnection.php(605): CodeIgniter\Database\BaseConnection->simpleQuery()
 4 SYSTEMPATH/Database/BaseBuilder.php(1616): CodeIgniter\Database\BaseConnection->query()
 5 SYSTEMPATH/Model.php(840): CodeIgniter\Database\BaseBuilder->get()
 6 APPPATH/Controllers/FellingTree.php(122): CodeIgniter\Model->__call()
 7 SYSTEMPATH/CodeIgniter.php(934): App\Controllers\FellingTree->getTreeSpecies()
 8 SYSTEMPATH/CodeIgniter.php(499): CodeIgniter\CodeIgniter->runController()
 9 SYSTEMPATH/CodeIgniter.php(368): CodeIgniter\CodeIgniter->handleRequest()
10 FCPATH/index.php(68): CodeIgniter\CodeIgniter->run()
CRITICAL - 2023-05-25 12:01:33 --> Argument 2 passed to view() must be of the type array, null given, called in /var/www/html/eservices/app/Controllers/FellingTree.php on line 135
in SYSTEMPATH/Common.php on line 1172.
 1 APPPATH/Controllers/FellingTree.php(135): view()
 2 SYSTEMPATH/CodeIgniter.php(934): App\Controllers\FellingTree->getTreeSpecies()
 3 SYSTEMPATH/CodeIgniter.php(499): CodeIgniter\CodeIgniter->runController()
 4 SYSTEMPATH/CodeIgniter.php(368): CodeIgniter\CodeIgniter->handleRequest()
 5 FCPATH/index.php(68): CodeIgniter\CodeIgniter->run()
CRITICAL - 2023-05-25 12:06:03 --> Call to undefined function App\Controllers\generate_pdf()
in APPPATH/Controllers/FellingTree.php on line 149.
 1 SYSTEMPATH/CodeIgniter.php(934): App\Controllers\FellingTree->getTreeSpecies()
 2 SYSTEMPATH/CodeIgniter.php(499): CodeIgniter\CodeIgniter->runController()
 3 SYSTEMPATH/CodeIgniter.php(368): CodeIgniter\CodeIgniter->handleRequest()
 4 FCPATH/index.php(68): CodeIgniter\CodeIgniter->run()
CRITICAL - 2023-05-25 12:06:22 --> Call to undefined function App\Controllers\generate_pdf()
in APPPATH/Controllers/FellingTree.php on line 148.
 1 SYSTEMPATH/CodeIgniter.php(934): App\Controllers\FellingTree->getTreeSpecies()
 2 SYSTEMPATH/CodeIgniter.php(499): CodeIgniter\CodeIgniter->runController()
 3 SYSTEMPATH/CodeIgniter.php(368): CodeIgniter\CodeIgniter->handleRequest()
 4 FCPATH/index.php(68): CodeIgniter\CodeIgniter->run()
CRITICAL - 2023-05-25 12:06:31 --> Call to undefined function App\Controllers\generate_pdf()
in APPPATH/Controllers/FellingTree.php on line 148.
 1 SYSTEMPATH/CodeIgniter.php(934): App\Controllers\FellingTree->getTreeSpecies()
 2 SYSTEMPATH/CodeIgniter.php(499): CodeIgniter\CodeIgniter->runController()
 3 SYSTEMPATH/CodeIgniter.php(368): CodeIgniter\CodeIgniter->handleRequest()
 4 FCPATH/index.php(68): CodeIgniter\CodeIgniter->run()
CRITICAL - 2023-05-25 12:06:59 --> Call to undefined function App\Controllers\generate_pdf()
in APPPATH/Controllers/FellingTree.php on line 149.
 1 SYSTEMPATH/CodeIgniter.php(934): App\Controllers\FellingTree->getTreeSpecies()
 2 SYSTEMPATH/CodeIgniter.php(499): CodeIgniter\CodeIgniter->runController()
 3 SYSTEMPATH/CodeIgniter.php(368): CodeIgniter\CodeIgniter->handleRequest()
 4 FCPATH/index.php(68): CodeIgniter\CodeIgniter->run()
CRITICAL - 2023-05-25 12:07:39 --> Call to a member function setJSON() on null
in APPPATH/Controllers/FellingTree.php on line 154.
 1 SYSTEMPATH/CodeIgniter.php(934): App\Controllers\FellingTree->getTreeSpecies()
 2 SYSTEMPATH/CodeIgniter.php(499): CodeIgniter\CodeIgniter->runController()
 3 SYSTEMPATH/CodeIgniter.php(368): CodeIgniter\CodeIgniter->handleRequest()
 4 FCPATH/index.php(68): CodeIgniter\CodeIgniter->run()
CRITICAL - 2023-05-25 12:07:47 --> Call to undefined function App\Controllers\generate_pdf()
in APPPATH/Controllers/FellingTree.php on line 149.
 1 SYSTEMPATH/CodeIgniter.php(934): App\Controllers\FellingTree->getTreeSpecies()
 2 SYSTEMPATH/CodeIgniter.php(499): CodeIgniter\CodeIgniter->runController()
 3 SYSTEMPATH/CodeIgniter.php(368): CodeIgniter\CodeIgniter->handleRequest()
 4 FCPATH/index.php(68): CodeIgniter\CodeIgniter->run()
CRITICAL - 2023-05-25 12:12:01 --> syntax error, unexpected end of file
in APPPATH/Views/inspectionReport.php on line 95.
 1 SYSTEMPATH/View/View.php(216): CodeIgniter\View\View->CodeIgniter\View\{closure}()
 2 SYSTEMPATH/Common.php(1184): CodeIgniter\View\View->render()
 3 APPPATH/Controllers/FellingTree.php(146): view()
 4 SYSTEMPATH/CodeIgniter.php(934): App\Controllers\FellingTree->getTreeSpecies()
 5 SYSTEMPATH/CodeIgniter.php(499): CodeIgniter\CodeIgniter->runController()
 6 SYSTEMPATH/CodeIgniter.php(368): CodeIgniter\CodeIgniter->handleRequest()
 7 FCPATH/index.php(68): CodeIgniter\CodeIgniter->run()
CRITICAL - 2023-05-25 12:12:18 --> syntax error, unexpected end of file
in APPPATH/Views/inspectionReport.php on line 95.
 1 SYSTEMPATH/View/View.php(216): CodeIgniter\View\View->CodeIgniter\View\{closure}()
 2 SYSTEMPATH/Common.php(1184): CodeIgniter\View\View->render()
 3 APPPATH/Controllers/FellingTree.php(146): view()
 4 SYSTEMPATH/CodeIgniter.php(934): App\Controllers\FellingTree->getTreeSpecies()
 5 SYSTEMPATH/CodeIgniter.php(499): CodeIgniter\CodeIgniter->runController()
 6 SYSTEMPATH/CodeIgniter.php(368): CodeIgniter\CodeIgniter->handleRequest()
 7 FCPATH/index.php(68): CodeIgniter\CodeIgniter->run()
CRITICAL - 2023-05-25 12:13:00 --> syntax error, unexpected end of file
in APPPATH/Views/inspectionReport.php on line 95.
 1 SYSTEMPATH/View/View.php(216): CodeIgniter\View\View->CodeIgniter\View\{closure}()
 2 SYSTEMPATH/Common.php(1184): CodeIgniter\View\View->render()
 3 APPPATH/Controllers/FellingTree.php(146): view()
 4 SYSTEMPATH/CodeIgniter.php(934): App\Controllers\FellingTree->getTreeSpecies()
 5 SYSTEMPATH/CodeIgniter.php(499): CodeIgniter\CodeIgniter->runController()
 6 SYSTEMPATH/CodeIgniter.php(368): CodeIgniter\CodeIgniter->handleRequest()
 7 FCPATH/index.php(68): CodeIgniter\CodeIgniter->run()
CRITICAL - 2023-05-25 12:13:16 --> Cannot use object of type stdClass as array
in APPPATH/Views/inspectionReport.php on line 59.
 1 SYSTEMPATH/View/View.php(213): include()
 2 SYSTEMPATH/View/View.php(216): CodeIgniter\View\View->CodeIgniter\View\{closure}()
 3 SYSTEMPATH/Common.php(1184): CodeIgniter\View\View->render()
 4 APPPATH/Controllers/FellingTree.php(146): view()
 5 SYSTEMPATH/CodeIgniter.php(934): App\Controllers\FellingTree->getTreeSpecies()
 6 SYSTEMPATH/CodeIgniter.php(499): CodeIgniter\CodeIgniter->runController()
 7 SYSTEMPATH/CodeIgniter.php(368): CodeIgniter\CodeIgniter->handleRequest()
 8 FCPATH/index.php(68): CodeIgniter\CodeIgniter->run()
