CRITICAL - 2023-05-24 06:28:45 --> Too few arguments to function App\Controllers\FellingTree::getTreeSpecies(), 0 passed in /var/www/html/eservices/system/CodeIgniter.php on line 934 and exactly 1 expected
in APPPATH/Controllers/FellingTree.php on line 105.
 1 SYSTEMPATH/CodeIgniter.php(934): App\Controllers\FellingTree->getTreeSpecies()
 2 SYSTEMPATH/CodeIgniter.php(499): CodeIgniter\CodeIgniter->runController()
 3 SYSTEMPATH/CodeIgniter.php(368): CodeIgniter\CodeIgniter->handleRequest()
 4 FCPATH/index.php(68): CodeIgniter\CodeIgniter->run()
CRITICAL - 2023-05-24 06:30:07 --> Too few arguments to function App\Controllers\FellingTree::getTreeSpecies(), 0 passed in /var/www/html/eservices/system/CodeIgniter.php on line 934 and exactly 1 expected
in APPPATH/Controllers/FellingTree.php on line 105.
 1 SYSTEMPATH/CodeIgniter.php(934): App\Controllers\FellingTree->getTreeSpecies()
 2 SYSTEMPATH/CodeIgniter.php(499): CodeIgniter\CodeIgniter->runController()
 3 SYSTEMPATH/CodeIgniter.php(368): CodeIgniter\CodeIgniter->handleRequest()
 4 FCPATH/index.php(68): CodeIgniter\CodeIgniter->run()
CRITICAL - 2023-05-24 06:47:51 --> Too few arguments to function App\Controllers\FellingTree::getTreeSpecies(), 0 passed in /var/www/html/eservices/system/CodeIgniter.php on line 934 and exactly 1 expected
in APPPATH/Controllers/FellingTree.php on line 104.
 1 SYSTEMPATH/CodeIgniter.php(934): App\Controllers\FellingTree->getTreeSpecies()
 2 SYSTEMPATH/CodeIgniter.php(499): CodeIgniter\CodeIgniter->runController()
 3 SYSTEMPATH/CodeIgniter.php(368): CodeIgniter\CodeIgniter->handleRequest()
 4 FCPATH/index.php(68): CodeIgniter\CodeIgniter->run()
CRITICAL - 2023-05-24 06:47:56 --> Too few arguments to function App\Controllers\FellingTree::getTreeSpecies(), 0 passed in /var/www/html/eservices/system/CodeIgniter.php on line 934 and exactly 1 expected
in APPPATH/Controllers/FellingTree.php on line 104.
 1 SYSTEMPATH/CodeIgniter.php(934): App\Controllers\FellingTree->getTreeSpecies()
 2 SYSTEMPATH/CodeIgniter.php(499): CodeIgniter\CodeIgniter->runController()
 3 SYSTEMPATH/CodeIgniter.php(368): CodeIgniter\CodeIgniter->handleRequest()
 4 FCPATH/index.php(68): CodeIgniter\CodeIgniter->run()
CRITICAL - 2023-05-24 06:47:56 --> Too few arguments to function App\Controllers\FellingTree::getTreeSpecies(), 0 passed in /var/www/html/eservices/system/CodeIgniter.php on line 934 and exactly 1 expected
in APPPATH/Controllers/FellingTree.php on line 104.
 1 SYSTEMPATH/CodeIgniter.php(934): App\Controllers\FellingTree->getTreeSpecies()
 2 SYSTEMPATH/CodeIgniter.php(499): CodeIgniter\CodeIgniter->runController()
 3 SYSTEMPATH/CodeIgniter.php(368): CodeIgniter\CodeIgniter->handleRequest()
 4 FCPATH/index.php(68): CodeIgniter\CodeIgniter->run()
CRITICAL - 2023-05-24 06:56:43 --> Too few arguments to function App\Controllers\FellingTree::getTreeSpecies(), 0 passed in /var/www/html/eservices/system/CodeIgniter.php on line 934 and exactly 1 expected
in APPPATH/Controllers/FellingTree.php on line 104.
 1 SYSTEMPATH/CodeIgniter.php(934): App\Controllers\FellingTree->getTreeSpecies()
 2 SYSTEMPATH/CodeIgniter.php(499): CodeIgniter\CodeIgniter->runController()
 3 SYSTEMPATH/CodeIgniter.php(368): CodeIgniter\CodeIgniter->handleRequest()
 4 FCPATH/index.php(68): CodeIgniter\CodeIgniter->run()
CRITICAL - 2023-05-24 06:57:09 --> Too few arguments to function App\Controllers\FellingTree::getTreeSpecies(), 0 passed in /var/www/html/eservices/system/CodeIgniter.php on line 934 and exactly 1 expected
in APPPATH/Controllers/FellingTree.php on line 104.
 1 SYSTEMPATH/CodeIgniter.php(934): App\Controllers\FellingTree->getTreeSpecies()
 2 SYSTEMPATH/CodeIgniter.php(499): CodeIgniter\CodeIgniter->runController()
 3 SYSTEMPATH/CodeIgniter.php(368): CodeIgniter\CodeIgniter->handleRequest()
 4 FCPATH/index.php(68): CodeIgniter\CodeIgniter->run()
CRITICAL - 2023-05-24 06:57:09 --> Too few arguments to function App\Controllers\FellingTree::getTreeSpecies(), 0 passed in /var/www/html/eservices/system/CodeIgniter.php on line 934 and exactly 1 expected
in APPPATH/Controllers/FellingTree.php on line 104.
 1 SYSTEMPATH/CodeIgniter.php(934): App\Controllers\FellingTree->getTreeSpecies()
 2 SYSTEMPATH/CodeIgniter.php(499): CodeIgniter\CodeIgniter->runController()
 3 SYSTEMPATH/CodeIgniter.php(368): CodeIgniter\CodeIgniter->handleRequest()
 4 FCPATH/index.php(68): CodeIgniter\CodeIgniter->run()
CRITICAL - 2023-05-24 06:57:16 --> Too few arguments to function App\Controllers\FellingTree::getTreeSpecies(), 0 passed in /var/www/html/eservices/system/CodeIgniter.php on line 934 and exactly 1 expected
in APPPATH/Controllers/FellingTree.php on line 104.
 1 SYSTEMPATH/CodeIgniter.php(934): App\Controllers\FellingTree->getTreeSpecies()
 2 SYSTEMPATH/CodeIgniter.php(499): CodeIgniter\CodeIgniter->runController()
 3 SYSTEMPATH/CodeIgniter.php(368): CodeIgniter\CodeIgniter->handleRequest()
 4 FCPATH/index.php(68): CodeIgniter\CodeIgniter->run()
CRITICAL - 2023-05-24 06:57:17 --> Too few arguments to function App\Controllers\FellingTree::getTreeSpecies(), 0 passed in /var/www/html/eservices/system/CodeIgniter.php on line 934 and exactly 1 expected
in APPPATH/Controllers/FellingTree.php on line 104.
 1 SYSTEMPATH/CodeIgniter.php(934): App\Controllers\FellingTree->getTreeSpecies()
 2 SYSTEMPATH/CodeIgniter.php(499): CodeIgniter\CodeIgniter->runController()
 3 SYSTEMPATH/CodeIgniter.php(368): CodeIgniter\CodeIgniter->handleRequest()
 4 FCPATH/index.php(68): CodeIgniter\CodeIgniter->run()
CRITICAL - 2023-05-24 06:57:54 --> Too few arguments to function App\Controllers\FellingTree::getTreeSpecies(), 0 passed in /var/www/html/eservices/system/CodeIgniter.php on line 934 and exactly 1 expected
in APPPATH/Controllers/FellingTree.php on line 104.
 1 SYSTEMPATH/CodeIgniter.php(934): App\Controllers\FellingTree->getTreeSpecies()
 2 SYSTEMPATH/CodeIgniter.php(499): CodeIgniter\CodeIgniter->runController()
 3 SYSTEMPATH/CodeIgniter.php(368): CodeIgniter\CodeIgniter->handleRequest()
 4 FCPATH/index.php(68): CodeIgniter\CodeIgniter->run()
CRITICAL - 2023-05-24 07:00:07 --> Too few arguments to function App\Controllers\FellingTree::getTreeSpecies(), 0 passed in /var/www/html/eservices/system/CodeIgniter.php on line 934 and exactly 1 expected
in APPPATH/Controllers/FellingTree.php on line 104.
 1 SYSTEMPATH/CodeIgniter.php(934): App\Controllers\FellingTree->getTreeSpecies()
 2 SYSTEMPATH/CodeIgniter.php(499): CodeIgniter\CodeIgniter->runController()
 3 SYSTEMPATH/CodeIgniter.php(368): CodeIgniter\CodeIgniter->handleRequest()
 4 FCPATH/index.php(68): CodeIgniter\CodeIgniter->run()
CRITICAL - 2023-05-24 07:00:17 --> Too few arguments to function App\Controllers\FellingTree::getTreeSpecies(), 0 passed in /var/www/html/eservices/system/CodeIgniter.php on line 934 and exactly 1 expected
in APPPATH/Controllers/FellingTree.php on line 104.
 1 SYSTEMPATH/CodeIgniter.php(934): App\Controllers\FellingTree->getTreeSpecies()
 2 SYSTEMPATH/CodeIgniter.php(499): CodeIgniter\CodeIgniter->runController()
 3 SYSTEMPATH/CodeIgniter.php(368): CodeIgniter\CodeIgniter->handleRequest()
 4 FCPATH/index.php(68): CodeIgniter\CodeIgniter->run()
CRITICAL - 2023-05-24 07:00:17 --> Too few arguments to function App\Controllers\FellingTree::getTreeSpecies(), 0 passed in /var/www/html/eservices/system/CodeIgniter.php on line 934 and exactly 1 expected
in APPPATH/Controllers/FellingTree.php on line 104.
 1 SYSTEMPATH/CodeIgniter.php(934): App\Controllers\FellingTree->getTreeSpecies()
 2 SYSTEMPATH/CodeIgniter.php(499): CodeIgniter\CodeIgniter->runController()
 3 SYSTEMPATH/CodeIgniter.php(368): CodeIgniter\CodeIgniter->handleRequest()
 4 FCPATH/index.php(68): CodeIgniter\CodeIgniter->run()
CRITICAL - 2023-05-24 07:00:35 --> Too few arguments to function App\Controllers\FellingTree::getTreeSpecies(), 0 passed in /var/www/html/eservices/system/CodeIgniter.php on line 934 and exactly 1 expected
in APPPATH/Controllers/FellingTree.php on line 104.
 1 SYSTEMPATH/CodeIgniter.php(934): App\Controllers\FellingTree->getTreeSpecies()
 2 SYSTEMPATH/CodeIgniter.php(499): CodeIgniter\CodeIgniter->runController()
 3 SYSTEMPATH/CodeIgniter.php(368): CodeIgniter\CodeIgniter->handleRequest()
 4 FCPATH/index.php(68): CodeIgniter\CodeIgniter->run()
CRITICAL - 2023-05-24 07:00:35 --> Too few arguments to function App\Controllers\FellingTree::getTreeSpecies(), 0 passed in /var/www/html/eservices/system/CodeIgniter.php on line 934 and exactly 1 expected
in APPPATH/Controllers/FellingTree.php on line 104.
 1 SYSTEMPATH/CodeIgniter.php(934): App\Controllers\FellingTree->getTreeSpecies()
 2 SYSTEMPATH/CodeIgniter.php(499): CodeIgniter\CodeIgniter->runController()
 3 SYSTEMPATH/CodeIgniter.php(368): CodeIgniter\CodeIgniter->handleRequest()
 4 FCPATH/index.php(68): CodeIgniter\CodeIgniter->run()
CRITICAL - 2023-05-24 07:01:02 --> Too few arguments to function App\Controllers\FellingTree::getTreeSpecies(), 0 passed in /var/www/html/eservices/system/CodeIgniter.php on line 934 and exactly 1 expected
in APPPATH/Controllers/FellingTree.php on line 104.
 1 SYSTEMPATH/CodeIgniter.php(934): App\Controllers\FellingTree->getTreeSpecies()
 2 SYSTEMPATH/CodeIgniter.php(499): CodeIgniter\CodeIgniter->runController()
 3 SYSTEMPATH/CodeIgniter.php(368): CodeIgniter\CodeIgniter->handleRequest()
 4 FCPATH/index.php(68): CodeIgniter\CodeIgniter->run()
CRITICAL - 2023-05-24 07:01:02 --> Too few arguments to function App\Controllers\FellingTree::getTreeSpecies(), 0 passed in /var/www/html/eservices/system/CodeIgniter.php on line 934 and exactly 1 expected
in APPPATH/Controllers/FellingTree.php on line 104.
 1 SYSTEMPATH/CodeIgniter.php(934): App\Controllers\FellingTree->getTreeSpecies()
 2 SYSTEMPATH/CodeIgniter.php(499): CodeIgniter\CodeIgniter->runController()
 3 SYSTEMPATH/CodeIgniter.php(368): CodeIgniter\CodeIgniter->handleRequest()
 4 FCPATH/index.php(68): CodeIgniter\CodeIgniter->run()
CRITICAL - 2023-05-24 07:49:40 --> Undefined property: App\Controllers\FellingTree::$respond
in APPPATH/Controllers/FellingTree.php on line 202.
 1 APPPATH/Controllers/FellingTree.php(202): CodeIgniter\Debug\Exceptions->errorHandler()
 2 SYSTEMPATH/CodeIgniter.php(934): App\Controllers\FellingTree->getTreeSpecies()
 3 SYSTEMPATH/CodeIgniter.php(499): CodeIgniter\CodeIgniter->runController()
 4 SYSTEMPATH/CodeIgniter.php(368): CodeIgniter\CodeIgniter->handleRequest()
 5 FCPATH/index.php(68): CodeIgniter\CodeIgniter->run()
CRITICAL - 2023-05-24 07:49:43 --> Undefined property: App\Controllers\FellingTree::$respond
in APPPATH/Controllers/FellingTree.php on line 202.
 1 APPPATH/Controllers/FellingTree.php(202): CodeIgniter\Debug\Exceptions->errorHandler()
 2 SYSTEMPATH/CodeIgniter.php(934): App\Controllers\FellingTree->getTreeSpecies()
 3 SYSTEMPATH/CodeIgniter.php(499): CodeIgniter\CodeIgniter->runController()
 4 SYSTEMPATH/CodeIgniter.php(368): CodeIgniter\CodeIgniter->handleRequest()
 5 FCPATH/index.php(68): CodeIgniter\CodeIgniter->run()
CRITICAL - 2023-05-24 07:49:43 --> Undefined property: App\Controllers\FellingTree::$respond
in APPPATH/Controllers/FellingTree.php on line 202.
 1 APPPATH/Controllers/FellingTree.php(202): CodeIgniter\Debug\Exceptions->errorHandler()
 2 SYSTEMPATH/CodeIgniter.php(934): App\Controllers\FellingTree->getTreeSpecies()
 3 SYSTEMPATH/CodeIgniter.php(499): CodeIgniter\CodeIgniter->runController()
 4 SYSTEMPATH/CodeIgniter.php(368): CodeIgniter\CodeIgniter->handleRequest()
 5 FCPATH/index.php(68): CodeIgniter\CodeIgniter->run()
CRITICAL - 2023-05-24 07:49:45 --> Undefined property: App\Controllers\FellingTree::$respond
in APPPATH/Controllers/FellingTree.php on line 202.
 1 APPPATH/Controllers/FellingTree.php(202): CodeIgniter\Debug\Exceptions->errorHandler()
 2 SYSTEMPATH/CodeIgniter.php(934): App\Controllers\FellingTree->getTreeSpecies()
 3 SYSTEMPATH/CodeIgniter.php(499): CodeIgniter\CodeIgniter->runController()
 4 SYSTEMPATH/CodeIgniter.php(368): CodeIgniter\CodeIgniter->handleRequest()
 5 FCPATH/index.php(68): CodeIgniter\CodeIgniter->run()
CRITICAL - 2023-05-24 07:49:45 --> Undefined property: App\Controllers\FellingTree::$respond
in APPPATH/Controllers/FellingTree.php on line 202.
 1 APPPATH/Controllers/FellingTree.php(202): CodeIgniter\Debug\Exceptions->errorHandler()
 2 SYSTEMPATH/CodeIgniter.php(934): App\Controllers\FellingTree->getTreeSpecies()
 3 SYSTEMPATH/CodeIgniter.php(499): CodeIgniter\CodeIgniter->runController()
 4 SYSTEMPATH/CodeIgniter.php(368): CodeIgniter\CodeIgniter->handleRequest()
 5 FCPATH/index.php(68): CodeIgniter\CodeIgniter->run()
CRITICAL - 2023-05-24 07:50:20 --> Undefined property: App\Controllers\FellingTree::$respond
in APPPATH/Controllers/FellingTree.php on line 202.
 1 APPPATH/Controllers/FellingTree.php(202): CodeIgniter\Debug\Exceptions->errorHandler()
 2 SYSTEMPATH/CodeIgniter.php(934): App\Controllers\FellingTree->getTreeSpecies()
 3 SYSTEMPATH/CodeIgniter.php(499): CodeIgniter\CodeIgniter->runController()
 4 SYSTEMPATH/CodeIgniter.php(368): CodeIgniter\CodeIgniter->handleRequest()
 5 FCPATH/index.php(68): CodeIgniter\CodeIgniter->run()
CRITICAL - 2023-05-24 07:50:24 --> Undefined property: App\Controllers\FellingTree::$respond
in APPPATH/Controllers/FellingTree.php on line 202.
 1 APPPATH/Controllers/FellingTree.php(202): CodeIgniter\Debug\Exceptions->errorHandler()
 2 SYSTEMPATH/CodeIgniter.php(934): App\Controllers\FellingTree->getTreeSpecies()
 3 SYSTEMPATH/CodeIgniter.php(499): CodeIgniter\CodeIgniter->runController()
 4 SYSTEMPATH/CodeIgniter.php(368): CodeIgniter\CodeIgniter->handleRequest()
 5 FCPATH/index.php(68): CodeIgniter\CodeIgniter->run()
CRITICAL - 2023-05-24 07:50:24 --> Undefined property: App\Controllers\FellingTree::$respond
in APPPATH/Controllers/FellingTree.php on line 202.
 1 APPPATH/Controllers/FellingTree.php(202): CodeIgniter\Debug\Exceptions->errorHandler()
 2 SYSTEMPATH/CodeIgniter.php(934): App\Controllers\FellingTree->getTreeSpecies()
 3 SYSTEMPATH/CodeIgniter.php(499): CodeIgniter\CodeIgniter->runController()
 4 SYSTEMPATH/CodeIgniter.php(368): CodeIgniter\CodeIgniter->handleRequest()
 5 FCPATH/index.php(68): CodeIgniter\CodeIgniter->run()
CRITICAL - 2023-05-24 07:50:26 --> Undefined property: App\Controllers\FellingTree::$respond
in APPPATH/Controllers/FellingTree.php on line 202.
 1 APPPATH/Controllers/FellingTree.php(202): CodeIgniter\Debug\Exceptions->errorHandler()
 2 SYSTEMPATH/CodeIgniter.php(934): App\Controllers\FellingTree->getTreeSpecies()
 3 SYSTEMPATH/CodeIgniter.php(499): CodeIgniter\CodeIgniter->runController()
 4 SYSTEMPATH/CodeIgniter.php(368): CodeIgniter\CodeIgniter->handleRequest()
 5 FCPATH/index.php(68): CodeIgniter\CodeIgniter->run()
CRITICAL - 2023-05-24 07:50:26 --> Undefined property: App\Controllers\FellingTree::$respond
in APPPATH/Controllers/FellingTree.php on line 202.
 1 APPPATH/Controllers/FellingTree.php(202): CodeIgniter\Debug\Exceptions->errorHandler()
 2 SYSTEMPATH/CodeIgniter.php(934): App\Controllers\FellingTree->getTreeSpecies()
 3 SYSTEMPATH/CodeIgniter.php(499): CodeIgniter\CodeIgniter->runController()
 4 SYSTEMPATH/CodeIgniter.php(368): CodeIgniter\CodeIgniter->handleRequest()
 5 FCPATH/index.php(68): CodeIgniter\CodeIgniter->run()
CRITICAL - 2023-05-24 07:50:50 --> Undefined property: App\Controllers\FellingTree::$respond
in APPPATH/Controllers/FellingTree.php on line 202.
 1 APPPATH/Controllers/FellingTree.php(202): CodeIgniter\Debug\Exceptions->errorHandler()
 2 SYSTEMPATH/CodeIgniter.php(934): App\Controllers\FellingTree->getTreeSpecies()
 3 SYSTEMPATH/CodeIgniter.php(499): CodeIgniter\CodeIgniter->runController()
 4 SYSTEMPATH/CodeIgniter.php(368): CodeIgniter\CodeIgniter->handleRequest()
 5 FCPATH/index.php(68): CodeIgniter\CodeIgniter->run()
CRITICAL - 2023-05-24 07:50:52 --> Undefined property: App\Controllers\FellingTree::$respond
in APPPATH/Controllers/FellingTree.php on line 202.
 1 APPPATH/Controllers/FellingTree.php(202): CodeIgniter\Debug\Exceptions->errorHandler()
 2 SYSTEMPATH/CodeIgniter.php(934): App\Controllers\FellingTree->getTreeSpecies()
 3 SYSTEMPATH/CodeIgniter.php(499): CodeIgniter\CodeIgniter->runController()
 4 SYSTEMPATH/CodeIgniter.php(368): CodeIgniter\CodeIgniter->handleRequest()
 5 FCPATH/index.php(68): CodeIgniter\CodeIgniter->run()
CRITICAL - 2023-05-24 07:50:52 --> Undefined property: App\Controllers\FellingTree::$respond
in APPPATH/Controllers/FellingTree.php on line 202.
 1 APPPATH/Controllers/FellingTree.php(202): CodeIgniter\Debug\Exceptions->errorHandler()
 2 SYSTEMPATH/CodeIgniter.php(934): App\Controllers\FellingTree->getTreeSpecies()
 3 SYSTEMPATH/CodeIgniter.php(499): CodeIgniter\CodeIgniter->runController()
 4 SYSTEMPATH/CodeIgniter.php(368): CodeIgniter\CodeIgniter->handleRequest()
 5 FCPATH/index.php(68): CodeIgniter\CodeIgniter->run()
CRITICAL - 2023-05-24 09:11:14 --> Undefined property: App\Controllers\FellingTree::$respond
in APPPATH/Controllers/FellingTree.php on line 202.
 1 APPPATH/Controllers/FellingTree.php(202): CodeIgniter\Debug\Exceptions->errorHandler()
 2 SYSTEMPATH/CodeIgniter.php(934): App\Controllers\FellingTree->getTreeSpecies()
 3 SYSTEMPATH/CodeIgniter.php(499): CodeIgniter\CodeIgniter->runController()
 4 SYSTEMPATH/CodeIgniter.php(368): CodeIgniter\CodeIgniter->handleRequest()
 5 FCPATH/index.php(68): CodeIgniter\CodeIgniter->run()
CRITICAL - 2023-05-24 09:11:15 --> Undefined property: App\Controllers\FellingTree::$respond
in APPPATH/Controllers/FellingTree.php on line 202.
 1 APPPATH/Controllers/FellingTree.php(202): CodeIgniter\Debug\Exceptions->errorHandler()
 2 SYSTEMPATH/CodeIgniter.php(934): App\Controllers\FellingTree->getTreeSpecies()
 3 SYSTEMPATH/CodeIgniter.php(499): CodeIgniter\CodeIgniter->runController()
 4 SYSTEMPATH/CodeIgniter.php(368): CodeIgniter\CodeIgniter->handleRequest()
 5 FCPATH/index.php(68): CodeIgniter\CodeIgniter->run()
CRITICAL - 2023-05-24 09:11:18 --> Undefined property: App\Controllers\FellingTree::$respond
in APPPATH/Controllers/FellingTree.php on line 202.
 1 APPPATH/Controllers/FellingTree.php(202): CodeIgniter\Debug\Exceptions->errorHandler()
 2 SYSTEMPATH/CodeIgniter.php(934): App\Controllers\FellingTree->getTreeSpecies()
 3 SYSTEMPATH/CodeIgniter.php(499): CodeIgniter\CodeIgniter->runController()
 4 SYSTEMPATH/CodeIgniter.php(368): CodeIgniter\CodeIgniter->handleRequest()
 5 FCPATH/index.php(68): CodeIgniter\CodeIgniter->run()
CRITICAL - 2023-05-24 09:11:18 --> Undefined property: App\Controllers\FellingTree::$respond
in APPPATH/Controllers/FellingTree.php on line 202.
 1 APPPATH/Controllers/FellingTree.php(202): CodeIgniter\Debug\Exceptions->errorHandler()
 2 SYSTEMPATH/CodeIgniter.php(934): App\Controllers\FellingTree->getTreeSpecies()
 3 SYSTEMPATH/CodeIgniter.php(499): CodeIgniter\CodeIgniter->runController()
 4 SYSTEMPATH/CodeIgniter.php(368): CodeIgniter\CodeIgniter->handleRequest()
 5 FCPATH/index.php(68): CodeIgniter\CodeIgniter->run()
CRITICAL - 2023-05-24 09:12:42 --> Undefined property: App\Controllers\FellingTree::$respond
in APPPATH/Controllers/FellingTree.php on line 202.
 1 APPPATH/Controllers/FellingTree.php(202): CodeIgniter\Debug\Exceptions->errorHandler()
 2 SYSTEMPATH/CodeIgniter.php(934): App\Controllers\FellingTree->getTreeSpecies()
 3 SYSTEMPATH/CodeIgniter.php(499): CodeIgniter\CodeIgniter->runController()
 4 SYSTEMPATH/CodeIgniter.php(368): CodeIgniter\CodeIgniter->handleRequest()
 5 FCPATH/index.php(68): CodeIgniter\CodeIgniter->run()
CRITICAL - 2023-05-24 09:12:54 --> Undefined property: App\Controllers\FellingTree::$respond
in APPPATH/Controllers/FellingTree.php on line 202.
 1 APPPATH/Controllers/FellingTree.php(202): CodeIgniter\Debug\Exceptions->errorHandler()
 2 SYSTEMPATH/CodeIgniter.php(934): App\Controllers\FellingTree->getTreeSpecies()
 3 SYSTEMPATH/CodeIgniter.php(499): CodeIgniter\CodeIgniter->runController()
 4 SYSTEMPATH/CodeIgniter.php(368): CodeIgniter\CodeIgniter->handleRequest()
 5 FCPATH/index.php(68): CodeIgniter\CodeIgniter->run()
CRITICAL - 2023-05-24 09:12:54 --> Undefined property: App\Controllers\FellingTree::$respond
in APPPATH/Controllers/FellingTree.php on line 202.
 1 APPPATH/Controllers/FellingTree.php(202): CodeIgniter\Debug\Exceptions->errorHandler()
 2 SYSTEMPATH/CodeIgniter.php(934): App\Controllers\FellingTree->getTreeSpecies()
 3 SYSTEMPATH/CodeIgniter.php(499): CodeIgniter\CodeIgniter->runController()
 4 SYSTEMPATH/CodeIgniter.php(368): CodeIgniter\CodeIgniter->handleRequest()
 5 FCPATH/index.php(68): CodeIgniter\CodeIgniter->run()
CRITICAL - 2023-05-24 09:17:39 --> Call to undefined method App\Controllers\FellingTree::generatePDF()
in APPPATH/Controllers/FellingTree.php on line 105.
 1 SYSTEMPATH/CodeIgniter.php(934): App\Controllers\FellingTree->getTreeSpecies()
 2 SYSTEMPATH/CodeIgniter.php(499): CodeIgniter\CodeIgniter->runController()
 3 SYSTEMPATH/CodeIgniter.php(368): CodeIgniter\CodeIgniter->handleRequest()
 4 FCPATH/index.php(68): CodeIgniter\CodeIgniter->run()
CRITICAL - 2023-05-24 09:17:39 --> Call to undefined method App\Controllers\FellingTree::generatePDF()
in APPPATH/Controllers/FellingTree.php on line 105.
 1 SYSTEMPATH/CodeIgniter.php(934): App\Controllers\FellingTree->getTreeSpecies()
 2 SYSTEMPATH/CodeIgniter.php(499): CodeIgniter\CodeIgniter->runController()
 3 SYSTEMPATH/CodeIgniter.php(368): CodeIgniter\CodeIgniter->handleRequest()
 4 FCPATH/index.php(68): CodeIgniter\CodeIgniter->run()
CRITICAL - 2023-05-24 09:19:03 --> Undefined property: App\Controllers\FellingTree::$respond
in APPPATH/Controllers/FellingTree.php on line 200.
 1 APPPATH/Controllers/FellingTree.php(200): CodeIgniter\Debug\Exceptions->errorHandler()
 2 SYSTEMPATH/CodeIgniter.php(934): App\Controllers\FellingTree->getTreeSpecies()
 3 SYSTEMPATH/CodeIgniter.php(499): CodeIgniter\CodeIgniter->runController()
 4 SYSTEMPATH/CodeIgniter.php(368): CodeIgniter\CodeIgniter->handleRequest()
 5 FCPATH/index.php(68): CodeIgniter\CodeIgniter->run()
CRITICAL - 2023-05-24 09:19:03 --> Undefined property: App\Controllers\FellingTree::$respond
in APPPATH/Controllers/FellingTree.php on line 200.
 1 APPPATH/Controllers/FellingTree.php(200): CodeIgniter\Debug\Exceptions->errorHandler()
 2 SYSTEMPATH/CodeIgniter.php(934): App\Controllers\FellingTree->getTreeSpecies()
 3 SYSTEMPATH/CodeIgniter.php(499): CodeIgniter\CodeIgniter->runController()
 4 SYSTEMPATH/CodeIgniter.php(368): CodeIgniter\CodeIgniter->handleRequest()
 5 FCPATH/index.php(68): CodeIgniter\CodeIgniter->run()
CRITICAL - 2023-05-24 09:21:28 --> Undefined property: App\Controllers\FellingTree::$respond
in APPPATH/Controllers/FellingTree.php on line 200.
 1 APPPATH/Controllers/FellingTree.php(200): CodeIgniter\Debug\Exceptions->errorHandler()
 2 SYSTEMPATH/CodeIgniter.php(934): App\Controllers\FellingTree->getTreeSpecies()
 3 SYSTEMPATH/CodeIgniter.php(499): CodeIgniter\CodeIgniter->runController()
 4 SYSTEMPATH/CodeIgniter.php(368): CodeIgniter\CodeIgniter->handleRequest()
 5 FCPATH/index.php(68): CodeIgniter\CodeIgniter->run()
CRITICAL - 2023-05-24 09:21:56 --> Undefined property: App\Controllers\FellingTree::$respond
in APPPATH/Controllers/FellingTree.php on line 200.
 1 APPPATH/Controllers/FellingTree.php(200): CodeIgniter\Debug\Exceptions->errorHandler()
 2 SYSTEMPATH/CodeIgniter.php(934): App\Controllers\FellingTree->getTreeSpecies()
 3 SYSTEMPATH/CodeIgniter.php(499): CodeIgniter\CodeIgniter->runController()
 4 SYSTEMPATH/CodeIgniter.php(368): CodeIgniter\CodeIgniter->handleRequest()
 5 FCPATH/index.php(68): CodeIgniter\CodeIgniter->run()
CRITICAL - 2023-05-24 09:22:47 --> Undefined property: App\Controllers\FellingTree::$respond
in APPPATH/Controllers/FellingTree.php on line 200.
 1 APPPATH/Controllers/FellingTree.php(200): CodeIgniter\Debug\Exceptions->errorHandler()
 2 SYSTEMPATH/CodeIgniter.php(934): App\Controllers\FellingTree->getTreeSpecies()
 3 SYSTEMPATH/CodeIgniter.php(499): CodeIgniter\CodeIgniter->runController()
 4 SYSTEMPATH/CodeIgniter.php(368): CodeIgniter\CodeIgniter->handleRequest()
 5 FCPATH/index.php(68): CodeIgniter\CodeIgniter->run()
CRITICAL - 2023-05-24 09:25:01 --> Too few arguments to function App\Controllers\FellingTree::getTreeSpecies(), 0 passed in /var/www/html/eservices/system/CodeIgniter.php on line 934 and exactly 1 expected
in APPPATH/Controllers/FellingTree.php on line 105.
 1 SYSTEMPATH/CodeIgniter.php(934): App\Controllers\FellingTree->getTreeSpecies()
 2 SYSTEMPATH/CodeIgniter.php(499): CodeIgniter\CodeIgniter->runController()
 3 SYSTEMPATH/CodeIgniter.php(368): CodeIgniter\CodeIgniter->handleRequest()
 4 FCPATH/index.php(68): CodeIgniter\CodeIgniter->run()
CRITICAL - 2023-05-24 09:36:35 --> Too few arguments to function App\Controllers\FellingTree::getTreeSpecies(), 0 passed in /var/www/html/eservices/system/CodeIgniter.php on line 934 and exactly 1 expected
in APPPATH/Controllers/FellingTree.php on line 104.
 1 SYSTEMPATH/CodeIgniter.php(934): App\Controllers\FellingTree->getTreeSpecies()
 2 SYSTEMPATH/CodeIgniter.php(499): CodeIgniter\CodeIgniter->runController()
 3 SYSTEMPATH/CodeIgniter.php(368): CodeIgniter\CodeIgniter->handleRequest()
 4 FCPATH/index.php(68): CodeIgniter\CodeIgniter->run()
CRITICAL - 2023-05-24 09:37:54 --> Call to undefined method App\Controllers\FellingTree::getVar()
in APPPATH/Controllers/FellingTree.php on line 105.
 1 SYSTEMPATH/CodeIgniter.php(934): App\Controllers\FellingTree->getTreeSpecies()
 2 SYSTEMPATH/CodeIgniter.php(499): CodeIgniter\CodeIgniter->runController()
 3 SYSTEMPATH/CodeIgniter.php(368): CodeIgniter\CodeIgniter->handleRequest()
 4 FCPATH/index.php(68): CodeIgniter\CodeIgniter->run()
CRITICAL - 2023-05-24 09:40:19 --> Undefined property: App\Controllers\FellingTree::$respond
in APPPATH/Controllers/FellingTree.php on line 201.
 1 APPPATH/Controllers/FellingTree.php(201): CodeIgniter\Debug\Exceptions->errorHandler()
 2 SYSTEMPATH/CodeIgniter.php(934): App\Controllers\FellingTree->getTreeSpecies()
 3 SYSTEMPATH/CodeIgniter.php(499): CodeIgniter\CodeIgniter->runController()
 4 SYSTEMPATH/CodeIgniter.php(368): CodeIgniter\CodeIgniter->handleRequest()
 5 FCPATH/index.php(68): CodeIgniter\CodeIgniter->run()
CRITICAL - 2023-05-24 09:41:25 --> Undefined property: App\Controllers\FellingTree::$respond
in APPPATH/Controllers/FellingTree.php on line 202.
 1 APPPATH/Controllers/FellingTree.php(202): CodeIgniter\Debug\Exceptions->errorHandler()
 2 SYSTEMPATH/CodeIgniter.php(934): App\Controllers\FellingTree->getTreeSpecies()
 3 SYSTEMPATH/CodeIgniter.php(499): CodeIgniter\CodeIgniter->runController()
 4 SYSTEMPATH/CodeIgniter.php(368): CodeIgniter\CodeIgniter->handleRequest()
 5 FCPATH/index.php(68): CodeIgniter\CodeIgniter->run()
CRITICAL - 2023-05-24 10:39:11 --> Cannot use object of type CodeIgniter\HTTP\Response as array
in APPPATH/Controllers/FellingTree.php on line 110.
 1 SYSTEMPATH/CodeIgniter.php(934): App\Controllers\FellingTree->getTreeSpecies()
 2 SYSTEMPATH/CodeIgniter.php(499): CodeIgniter\CodeIgniter->runController()
 3 SYSTEMPATH/CodeIgniter.php(368): CodeIgniter\CodeIgniter->handleRequest()
 4 FCPATH/index.php(68): CodeIgniter\CodeIgniter->run()
CRITICAL - 2023-05-24 11:23:34 --> Call to undefined method App\Controllers\FellingTree::response()
in APPPATH/Controllers/FellingTree.php on line 103.
 1 APPPATH/Controllers/FellingTree.php(112): App\Controllers\FellingTree->getTreeFeelingRecords()
 2 SYSTEMPATH/CodeIgniter.php(934): App\Controllers\FellingTree->getTreeSpecies()
 3 SYSTEMPATH/CodeIgniter.php(499): CodeIgniter\CodeIgniter->runController()
 4 SYSTEMPATH/CodeIgniter.php(368): CodeIgniter\CodeIgniter->handleRequest()
 5 FCPATH/index.php(68): CodeIgniter\CodeIgniter->run()
CRITICAL - 2023-05-24 11:24:28 --> Call to undefined method App\Controllers\FellingTree::response()
in APPPATH/Controllers/FellingTree.php on line 103.
 1 APPPATH/Controllers/FellingTree.php(112): App\Controllers\FellingTree->getTreeFeelingRecords()
 2 SYSTEMPATH/CodeIgniter.php(934): App\Controllers\FellingTree->getTreeSpecies()
 3 SYSTEMPATH/CodeIgniter.php(499): CodeIgniter\CodeIgniter->runController()
 4 SYSTEMPATH/CodeIgniter.php(368): CodeIgniter\CodeIgniter->handleRequest()
 5 FCPATH/index.php(68): CodeIgniter\CodeIgniter->run()
CRITICAL - 2023-05-24 11:25:55 --> Array to string conversion
in APPPATH/Controllers/FellingTree.php on line 103.
 1 APPPATH/Controllers/FellingTree.php(103): CodeIgniter\Debug\Exceptions->errorHandler()
 2 APPPATH/Controllers/FellingTree.php(112): App\Controllers\FellingTree->getTreeFeelingRecords()
 3 SYSTEMPATH/CodeIgniter.php(934): App\Controllers\FellingTree->getTreeSpecies()
 4 SYSTEMPATH/CodeIgniter.php(499): CodeIgniter\CodeIgniter->runController()
 5 SYSTEMPATH/CodeIgniter.php(368): CodeIgniter\CodeIgniter->handleRequest()
 6 FCPATH/index.php(68): CodeIgniter\CodeIgniter->run()
CRITICAL - 2023-05-24 11:26:50 --> Undefined variable: value
in APPPATH/Controllers/FellingTree.php on line 113.
 1 APPPATH/Controllers/FellingTree.php(113): CodeIgniter\Debug\Exceptions->errorHandler()
 2 SYSTEMPATH/CodeIgniter.php(934): App\Controllers\FellingTree->getTreeSpecies()
 3 SYSTEMPATH/CodeIgniter.php(499): CodeIgniter\CodeIgniter->runController()
 4 SYSTEMPATH/CodeIgniter.php(368): CodeIgniter\CodeIgniter->handleRequest()
 5 FCPATH/index.php(68): CodeIgniter\CodeIgniter->run()
CRITICAL - 2023-05-24 11:27:22 --> Cannot use object of type stdClass as array
in APPPATH/Controllers/FellingTree.php on line 113.
 1 SYSTEMPATH/CodeIgniter.php(934): App\Controllers\FellingTree->getTreeSpecies()
 2 SYSTEMPATH/CodeIgniter.php(499): CodeIgniter\CodeIgniter->runController()
 3 SYSTEMPATH/CodeIgniter.php(368): CodeIgniter\CodeIgniter->handleRequest()
 4 FCPATH/index.php(68): CodeIgniter\CodeIgniter->run()
CRITICAL - 2023-05-24 11:27:49 --> Use of undefined constant user_name - assumed 'user_name' (this will throw an Error in a future version of PHP)
in APPPATH/Controllers/FellingTree.php on line 113.
 1 APPPATH/Controllers/FellingTree.php(113): CodeIgniter\Debug\Exceptions->errorHandler()
 2 SYSTEMPATH/CodeIgniter.php(934): App\Controllers\FellingTree->getTreeSpecies()
 3 SYSTEMPATH/CodeIgniter.php(499): CodeIgniter\CodeIgniter->runController()
 4 SYSTEMPATH/CodeIgniter.php(368): CodeIgniter\CodeIgniter->handleRequest()
 5 FCPATH/index.php(68): CodeIgniter\CodeIgniter->run()
CRITICAL - 2023-05-24 11:28:02 --> Cannot use object of type stdClass as array
in APPPATH/Controllers/FellingTree.php on line 113.
 1 SYSTEMPATH/CodeIgniter.php(934): App\Controllers\FellingTree->getTreeSpecies()
 2 SYSTEMPATH/CodeIgniter.php(499): CodeIgniter\CodeIgniter->runController()
 3 SYSTEMPATH/CodeIgniter.php(368): CodeIgniter\CodeIgniter->handleRequest()
 4 FCPATH/index.php(68): CodeIgniter\CodeIgniter->run()
CRITICAL - 2023-05-24 11:29:00 --> syntax error, unexpected '[', expecting identifier (T_STRING) or variable (T_VARIABLE) or '{' or '$'
in APPPATH/Controllers/FellingTree.php on line 113.
 1 SYSTEMPATH/Autoloader/Autoloader.php(289): CodeIgniter\Autoloader\Autoloader->includeFile()
 2 SYSTEMPATH/Autoloader/Autoloader.php(267): CodeIgniter\Autoloader\Autoloader->loadInNamespace()
 3 [internal function]: CodeIgniter\Autoloader\Autoloader->loadClass()
 4 [internal function]: spl_autoload_call()
 5 SYSTEMPATH/CodeIgniter.php(892): class_exists()
 6 SYSTEMPATH/CodeIgniter.php(486): CodeIgniter\CodeIgniter->startController()
 7 SYSTEMPATH/CodeIgniter.php(368): CodeIgniter\CodeIgniter->handleRequest()
 8 FCPATH/index.php(68): CodeIgniter\CodeIgniter->run()
CRITICAL - 2023-05-24 11:32:17 --> Undefined offset: 0
in APPPATH/Controllers/FellingTree.php on line 168.
 1 APPPATH/Controllers/FellingTree.php(168): CodeIgniter\Debug\Exceptions->errorHandler()
 2 SYSTEMPATH/CodeIgniter.php(934): App\Controllers\FellingTree->getTreeSpecies()
 3 SYSTEMPATH/CodeIgniter.php(499): CodeIgniter\CodeIgniter->runController()
 4 SYSTEMPATH/CodeIgniter.php(368): CodeIgniter\CodeIgniter->handleRequest()
 5 FCPATH/index.php(68): CodeIgniter\CodeIgniter->run()
CRITICAL - 2023-05-24 11:32:28 --> Undefined offset: 0
in APPPATH/Controllers/FellingTree.php on line 168.
 1 APPPATH/Controllers/FellingTree.php(168): CodeIgniter\Debug\Exceptions->errorHandler()
 2 SYSTEMPATH/CodeIgniter.php(934): App\Controllers\FellingTree->getTreeSpecies()
 3 SYSTEMPATH/CodeIgniter.php(499): CodeIgniter\CodeIgniter->runController()
 4 SYSTEMPATH/CodeIgniter.php(368): CodeIgniter\CodeIgniter->handleRequest()
 5 FCPATH/index.php(68): CodeIgniter\CodeIgniter->run()
CRITICAL - 2023-05-24 11:32:48 --> Undefined property: App\Controllers\FellingTree::$respond
in APPPATH/Controllers/FellingTree.php on line 213.
 1 APPPATH/Controllers/FellingTree.php(213): CodeIgniter\Debug\Exceptions->errorHandler()
 2 SYSTEMPATH/CodeIgniter.php(934): App\Controllers\FellingTree->getTreeSpecies()
 3 SYSTEMPATH/CodeIgniter.php(499): CodeIgniter\CodeIgniter->runController()
 4 SYSTEMPATH/CodeIgniter.php(368): CodeIgniter\CodeIgniter->handleRequest()
 5 FCPATH/index.php(68): CodeIgniter\CodeIgniter->run()
CRITICAL - 2023-05-24 11:33:49 --> Undefined offset: 0
in APPPATH/Controllers/FellingTree.php on line 114.
 1 APPPATH/Controllers/FellingTree.php(114): CodeIgniter\Debug\Exceptions->errorHandler()
 2 SYSTEMPATH/CodeIgniter.php(934): App\Controllers\FellingTree->getTreeSpecies()
 3 SYSTEMPATH/CodeIgniter.php(499): CodeIgniter\CodeIgniter->runController()
 4 SYSTEMPATH/CodeIgniter.php(368): CodeIgniter\CodeIgniter->handleRequest()
 5 FCPATH/index.php(68): CodeIgniter\CodeIgniter->run()
CRITICAL - 2023-05-24 11:37:49 --> Undefined offset: 0
in APPPATH/Controllers/FellingTree.php on line 114.
 1 APPPATH/Controllers/FellingTree.php(114): CodeIgniter\Debug\Exceptions->errorHandler()
 2 SYSTEMPATH/CodeIgniter.php(934): App\Controllers\FellingTree->getTreeSpecies()
 3 SYSTEMPATH/CodeIgniter.php(499): CodeIgniter\CodeIgniter->runController()
 4 SYSTEMPATH/CodeIgniter.php(368): CodeIgniter\CodeIgniter->handleRequest()
 5 FCPATH/index.php(68): CodeIgniter\CodeIgniter->run()
CRITICAL - 2023-05-24 11:39:46 --> Undefined offset: 0
in APPPATH/Controllers/FellingTree.php on line 114.
 1 APPPATH/Controllers/FellingTree.php(114): CodeIgniter\Debug\Exceptions->errorHandler()
 2 SYSTEMPATH/CodeIgniter.php(934): App\Controllers\FellingTree->getTreeSpecies()
 3 SYSTEMPATH/CodeIgniter.php(499): CodeIgniter\CodeIgniter->runController()
 4 SYSTEMPATH/CodeIgniter.php(368): CodeIgniter\CodeIgniter->handleRequest()
 5 FCPATH/index.php(68): CodeIgniter\CodeIgniter->run()
CRITICAL - 2023-05-24 11:40:03 --> Undefined offset: 0
in APPPATH/Controllers/FellingTree.php on line 114.
 1 APPPATH/Controllers/FellingTree.php(114): CodeIgniter\Debug\Exceptions->errorHandler()
 2 SYSTEMPATH/CodeIgniter.php(934): App\Controllers\FellingTree->getTreeSpecies()
 3 SYSTEMPATH/CodeIgniter.php(499): CodeIgniter\CodeIgniter->runController()
 4 SYSTEMPATH/CodeIgniter.php(368): CodeIgniter\CodeIgniter->handleRequest()
 5 FCPATH/index.php(68): CodeIgniter\CodeIgniter->run()
CRITICAL - 2023-05-24 11:41:32 --> Undefined offset: 0
in APPPATH/Controllers/FellingTree.php on line 114.
 1 APPPATH/Controllers/FellingTree.php(114): CodeIgniter\Debug\Exceptions->errorHandler()
 2 SYSTEMPATH/CodeIgniter.php(934): App\Controllers\FellingTree->getTreeSpecies()
 3 SYSTEMPATH/CodeIgniter.php(499): CodeIgniter\CodeIgniter->runController()
 4 SYSTEMPATH/CodeIgniter.php(368): CodeIgniter\CodeIgniter->handleRequest()
 5 FCPATH/index.php(68): CodeIgniter\CodeIgniter->run()
CRITICAL - 2023-05-24 11:42:55 --> Undefined offset: 0
in APPPATH/Controllers/FellingTree.php on line 114.
 1 APPPATH/Controllers/FellingTree.php(114): CodeIgniter\Debug\Exceptions->errorHandler()
 2 SYSTEMPATH/CodeIgniter.php(934): App\Controllers\FellingTree->getTreeSpecies()
 3 SYSTEMPATH/CodeIgniter.php(499): CodeIgniter\CodeIgniter->runController()
 4 SYSTEMPATH/CodeIgniter.php(368): CodeIgniter\CodeIgniter->handleRequest()
 5 FCPATH/index.php(68): CodeIgniter\CodeIgniter->run()
CRITICAL - 2023-05-24 11:43:42 --> Undefined offset: 0
in APPPATH/Controllers/FellingTree.php on line 114.
 1 APPPATH/Controllers/FellingTree.php(114): CodeIgniter\Debug\Exceptions->errorHandler()
 2 SYSTEMPATH/CodeIgniter.php(934): App\Controllers\FellingTree->getTreeSpecies()
 3 SYSTEMPATH/CodeIgniter.php(499): CodeIgniter\CodeIgniter->runController()
 4 SYSTEMPATH/CodeIgniter.php(368): CodeIgniter\CodeIgniter->handleRequest()
 5 FCPATH/index.php(68): CodeIgniter\CodeIgniter->run()
CRITICAL - 2023-05-24 11:43:47 --> Undefined offset: 0
in APPPATH/Controllers/FellingTree.php on line 114.
 1 APPPATH/Controllers/FellingTree.php(114): CodeIgniter\Debug\Exceptions->errorHandler()
 2 SYSTEMPATH/CodeIgniter.php(934): App\Controllers\FellingTree->getTreeSpecies()
 3 SYSTEMPATH/CodeIgniter.php(499): CodeIgniter\CodeIgniter->runController()
 4 SYSTEMPATH/CodeIgniter.php(368): CodeIgniter\CodeIgniter->handleRequest()
 5 FCPATH/index.php(68): CodeIgniter\CodeIgniter->run()
CRITICAL - 2023-05-24 11:44:09 --> Undefined offset: 0
in APPPATH/Controllers/FellingTree.php on line 114.
 1 APPPATH/Controllers/FellingTree.php(114): CodeIgniter\Debug\Exceptions->errorHandler()
 2 SYSTEMPATH/CodeIgniter.php(934): App\Controllers\FellingTree->getTreeSpecies()
 3 SYSTEMPATH/CodeIgniter.php(499): CodeIgniter\CodeIgniter->runController()
 4 SYSTEMPATH/CodeIgniter.php(368): CodeIgniter\CodeIgniter->handleRequest()
 5 FCPATH/index.php(68): CodeIgniter\CodeIgniter->run()
CRITICAL - 2023-05-24 11:44:35 --> Undefined offset: 0
in APPPATH/Controllers/FellingTree.php on line 114.
 1 APPPATH/Controllers/FellingTree.php(114): CodeIgniter\Debug\Exceptions->errorHandler()
 2 SYSTEMPATH/CodeIgniter.php(934): App\Controllers\FellingTree->getTreeSpecies()
 3 SYSTEMPATH/CodeIgniter.php(499): CodeIgniter\CodeIgniter->runController()
 4 SYSTEMPATH/CodeIgniter.php(368): CodeIgniter\CodeIgniter->handleRequest()
 5 FCPATH/index.php(68): CodeIgniter\CodeIgniter->run()
CRITICAL - 2023-05-24 11:45:54 --> Undefined offset: 0
in APPPATH/Controllers/FellingTree.php on line 114.
 1 APPPATH/Controllers/FellingTree.php(114): CodeIgniter\Debug\Exceptions->errorHandler()
 2 SYSTEMPATH/CodeIgniter.php(934): App\Controllers\FellingTree->getTreeSpecies()
 3 SYSTEMPATH/CodeIgniter.php(499): CodeIgniter\CodeIgniter->runController()
 4 SYSTEMPATH/CodeIgniter.php(368): CodeIgniter\CodeIgniter->handleRequest()
 5 FCPATH/index.php(68): CodeIgniter\CodeIgniter->run()
CRITICAL - 2023-05-24 11:46:43 --> Undefined offset: 0
in APPPATH/Controllers/FellingTree.php on line 114.
 1 APPPATH/Controllers/FellingTree.php(114): CodeIgniter\Debug\Exceptions->errorHandler()
 2 SYSTEMPATH/CodeIgniter.php(934): App\Controllers\FellingTree->getTreeSpecies()
 3 SYSTEMPATH/CodeIgniter.php(499): CodeIgniter\CodeIgniter->runController()
 4 SYSTEMPATH/CodeIgniter.php(368): CodeIgniter\CodeIgniter->handleRequest()
 5 FCPATH/index.php(68): CodeIgniter\CodeIgniter->run()
CRITICAL - 2023-05-24 11:47:09 --> Undefined property: App\Controllers\FellingTree::$respond
in APPPATH/Controllers/FellingTree.php on line 213.
 1 APPPATH/Controllers/FellingTree.php(213): CodeIgniter\Debug\Exceptions->errorHandler()
 2 SYSTEMPATH/CodeIgniter.php(934): App\Controllers\FellingTree->getTreeSpecies()
 3 SYSTEMPATH/CodeIgniter.php(499): CodeIgniter\CodeIgniter->runController()
 4 SYSTEMPATH/CodeIgniter.php(368): CodeIgniter\CodeIgniter->handleRequest()
 5 FCPATH/index.php(68): CodeIgniter\CodeIgniter->run()
CRITICAL - 2023-05-24 11:47:24 --> Undefined property: App\Controllers\FellingTree::$respond
in APPPATH/Controllers/FellingTree.php on line 213.
 1 APPPATH/Controllers/FellingTree.php(213): CodeIgniter\Debug\Exceptions->errorHandler()
 2 SYSTEMPATH/CodeIgniter.php(934): App\Controllers\FellingTree->getTreeSpecies()
 3 SYSTEMPATH/CodeIgniter.php(499): CodeIgniter\CodeIgniter->runController()
 4 SYSTEMPATH/CodeIgniter.php(368): CodeIgniter\CodeIgniter->handleRequest()
 5 FCPATH/index.php(68): CodeIgniter\CodeIgniter->run()
CRITICAL - 2023-05-24 11:47:31 --> Undefined offset: 0
in APPPATH/Controllers/FellingTree.php on line 114.
 1 APPPATH/Controllers/FellingTree.php(114): CodeIgniter\Debug\Exceptions->errorHandler()
 2 SYSTEMPATH/CodeIgniter.php(934): App\Controllers\FellingTree->getTreeSpecies()
 3 SYSTEMPATH/CodeIgniter.php(499): CodeIgniter\CodeIgniter->runController()
 4 SYSTEMPATH/CodeIgniter.php(368): CodeIgniter\CodeIgniter->handleRequest()
 5 FCPATH/index.php(68): CodeIgniter\CodeIgniter->run()
CRITICAL - 2023-05-24 11:48:13 --> syntax error, unexpected '$inspReport' (T_VARIABLE)
in APPPATH/Controllers/FellingTree.php on line 118.
 1 SYSTEMPATH/Autoloader/Autoloader.php(289): CodeIgniter\Autoloader\Autoloader->includeFile()
 2 SYSTEMPATH/Autoloader/Autoloader.php(267): CodeIgniter\Autoloader\Autoloader->loadInNamespace()
 3 [internal function]: CodeIgniter\Autoloader\Autoloader->loadClass()
 4 [internal function]: spl_autoload_call()
 5 SYSTEMPATH/CodeIgniter.php(892): class_exists()
 6 SYSTEMPATH/CodeIgniter.php(486): CodeIgniter\CodeIgniter->startController()
 7 SYSTEMPATH/CodeIgniter.php(368): CodeIgniter\CodeIgniter->handleRequest()
 8 FCPATH/index.php(68): CodeIgniter\CodeIgniter->run()
CRITICAL - 2023-05-24 11:48:28 --> syntax error, unexpected '$inspReport' (T_VARIABLE)
in APPPATH/Controllers/FellingTree.php on line 118.
 1 SYSTEMPATH/Autoloader/Autoloader.php(289): CodeIgniter\Autoloader\Autoloader->includeFile()
 2 SYSTEMPATH/Autoloader/Autoloader.php(267): CodeIgniter\Autoloader\Autoloader->loadInNamespace()
 3 [internal function]: CodeIgniter\Autoloader\Autoloader->loadClass()
 4 [internal function]: spl_autoload_call()
 5 SYSTEMPATH/CodeIgniter.php(892): class_exists()
 6 SYSTEMPATH/CodeIgniter.php(486): CodeIgniter\CodeIgniter->startController()
 7 SYSTEMPATH/CodeIgniter.php(368): CodeIgniter\CodeIgniter->handleRequest()
 8 FCPATH/index.php(68): CodeIgniter\CodeIgniter->run()
CRITICAL - 2023-05-24 11:48:29 --> syntax error, unexpected '$inspReport' (T_VARIABLE)
in APPPATH/Controllers/FellingTree.php on line 118.
 1 SYSTEMPATH/Autoloader/Autoloader.php(289): CodeIgniter\Autoloader\Autoloader->includeFile()
 2 SYSTEMPATH/Autoloader/Autoloader.php(267): CodeIgniter\Autoloader\Autoloader->loadInNamespace()
 3 [internal function]: CodeIgniter\Autoloader\Autoloader->loadClass()
 4 [internal function]: spl_autoload_call()
 5 SYSTEMPATH/CodeIgniter.php(892): class_exists()
 6 SYSTEMPATH/CodeIgniter.php(486): CodeIgniter\CodeIgniter->startController()
 7 SYSTEMPATH/CodeIgniter.php(368): CodeIgniter\CodeIgniter->handleRequest()
 8 FCPATH/index.php(68): CodeIgniter\CodeIgniter->run()
CRITICAL - 2023-05-24 11:48:34 --> syntax error, unexpected '$inspReport' (T_VARIABLE)
in APPPATH/Controllers/FellingTree.php on line 118.
 1 SYSTEMPATH/Autoloader/Autoloader.php(289): CodeIgniter\Autoloader\Autoloader->includeFile()
 2 SYSTEMPATH/Autoloader/Autoloader.php(267): CodeIgniter\Autoloader\Autoloader->loadInNamespace()
 3 [internal function]: CodeIgniter\Autoloader\Autoloader->loadClass()
 4 [internal function]: spl_autoload_call()
 5 SYSTEMPATH/CodeIgniter.php(892): class_exists()
 6 SYSTEMPATH/CodeIgniter.php(486): CodeIgniter\CodeIgniter->startController()
 7 SYSTEMPATH/CodeIgniter.php(368): CodeIgniter\CodeIgniter->handleRequest()
 8 FCPATH/index.php(68): CodeIgniter\CodeIgniter->run()
CRITICAL - 2023-05-24 11:48:34 --> syntax error, unexpected '$inspReport' (T_VARIABLE)
in APPPATH/Controllers/FellingTree.php on line 118.
 1 SYSTEMPATH/Autoloader/Autoloader.php(289): CodeIgniter\Autoloader\Autoloader->includeFile()
 2 SYSTEMPATH/Autoloader/Autoloader.php(267): CodeIgniter\Autoloader\Autoloader->loadInNamespace()
 3 [internal function]: CodeIgniter\Autoloader\Autoloader->loadClass()
 4 [internal function]: spl_autoload_call()
 5 SYSTEMPATH/CodeIgniter.php(892): class_exists()
 6 SYSTEMPATH/CodeIgniter.php(486): CodeIgniter\CodeIgniter->startController()
 7 SYSTEMPATH/CodeIgniter.php(368): CodeIgniter\CodeIgniter->handleRequest()
 8 FCPATH/index.php(68): CodeIgniter\CodeIgniter->run()
CRITICAL - 2023-05-24 11:48:35 --> syntax error, unexpected '$inspReport' (T_VARIABLE)
in APPPATH/Controllers/FellingTree.php on line 118.
 1 SYSTEMPATH/Autoloader/Autoloader.php(289): CodeIgniter\Autoloader\Autoloader->includeFile()
 2 SYSTEMPATH/Autoloader/Autoloader.php(267): CodeIgniter\Autoloader\Autoloader->loadInNamespace()
 3 [internal function]: CodeIgniter\Autoloader\Autoloader->loadClass()
 4 [internal function]: spl_autoload_call()
 5 SYSTEMPATH/CodeIgniter.php(892): class_exists()
 6 SYSTEMPATH/CodeIgniter.php(486): CodeIgniter\CodeIgniter->startController()
 7 SYSTEMPATH/CodeIgniter.php(368): CodeIgniter\CodeIgniter->handleRequest()
 8 FCPATH/index.php(68): CodeIgniter\CodeIgniter->run()
CRITICAL - 2023-05-24 11:48:35 --> syntax error, unexpected '$inspReport' (T_VARIABLE)
in APPPATH/Controllers/FellingTree.php on line 118.
 1 SYSTEMPATH/Autoloader/Autoloader.php(289): CodeIgniter\Autoloader\Autoloader->includeFile()
 2 SYSTEMPATH/Autoloader/Autoloader.php(267): CodeIgniter\Autoloader\Autoloader->loadInNamespace()
 3 [internal function]: CodeIgniter\Autoloader\Autoloader->loadClass()
 4 [internal function]: spl_autoload_call()
 5 SYSTEMPATH/CodeIgniter.php(892): class_exists()
 6 SYSTEMPATH/CodeIgniter.php(486): CodeIgniter\CodeIgniter->startController()
 7 SYSTEMPATH/CodeIgniter.php(368): CodeIgniter\CodeIgniter->handleRequest()
 8 FCPATH/index.php(68): CodeIgniter\CodeIgniter->run()
CRITICAL - 2023-05-24 11:48:38 --> syntax error, unexpected '$inspReport' (T_VARIABLE)
in APPPATH/Controllers/FellingTree.php on line 118.
 1 SYSTEMPATH/Autoloader/Autoloader.php(289): CodeIgniter\Autoloader\Autoloader->includeFile()
 2 SYSTEMPATH/Autoloader/Autoloader.php(267): CodeIgniter\Autoloader\Autoloader->loadInNamespace()
 3 [internal function]: CodeIgniter\Autoloader\Autoloader->loadClass()
 4 [internal function]: spl_autoload_call()
 5 SYSTEMPATH/CodeIgniter.php(892): class_exists()
 6 SYSTEMPATH/CodeIgniter.php(486): CodeIgniter\CodeIgniter->startController()
 7 SYSTEMPATH/CodeIgniter.php(368): CodeIgniter\CodeIgniter->handleRequest()
 8 FCPATH/index.php(68): CodeIgniter\CodeIgniter->run()
CRITICAL - 2023-05-24 11:48:38 --> syntax error, unexpected '$inspReport' (T_VARIABLE)
in APPPATH/Controllers/FellingTree.php on line 118.
 1 SYSTEMPATH/Autoloader/Autoloader.php(289): CodeIgniter\Autoloader\Autoloader->includeFile()
 2 SYSTEMPATH/Autoloader/Autoloader.php(267): CodeIgniter\Autoloader\Autoloader->loadInNamespace()
 3 [internal function]: CodeIgniter\Autoloader\Autoloader->loadClass()
 4 [internal function]: spl_autoload_call()
 5 SYSTEMPATH/CodeIgniter.php(892): class_exists()
 6 SYSTEMPATH/CodeIgniter.php(486): CodeIgniter\CodeIgniter->startController()
 7 SYSTEMPATH/CodeIgniter.php(368): CodeIgniter\CodeIgniter->handleRequest()
 8 FCPATH/index.php(68): CodeIgniter\CodeIgniter->run()
CRITICAL - 2023-05-24 11:48:59 --> Undefined property: App\Controllers\FellingTree::$respond
in APPPATH/Controllers/FellingTree.php on line 213.
 1 APPPATH/Controllers/FellingTree.php(213): CodeIgniter\Debug\Exceptions->errorHandler()
 2 SYSTEMPATH/CodeIgniter.php(934): App\Controllers\FellingTree->getTreeSpecies()
 3 SYSTEMPATH/CodeIgniter.php(499): CodeIgniter\CodeIgniter->runController()
 4 SYSTEMPATH/CodeIgniter.php(368): CodeIgniter\CodeIgniter->handleRequest()
 5 FCPATH/index.php(68): CodeIgniter\CodeIgniter->run()
CRITICAL - 2023-05-24 11:50:25 --> Call to undefined function App\Controllers\print_rI()
in APPPATH/Controllers/FellingTree.php on line 115.
 1 SYSTEMPATH/CodeIgniter.php(934): App\Controllers\FellingTree->getTreeSpecies()
 2 SYSTEMPATH/CodeIgniter.php(499): CodeIgniter\CodeIgniter->runController()
 3 SYSTEMPATH/CodeIgniter.php(368): CodeIgniter\CodeIgniter->handleRequest()
 4 FCPATH/index.php(68): CodeIgniter\CodeIgniter->run()
CRITICAL - 2023-05-24 11:51:35 --> Undefined offset: 0
in APPPATH/Controllers/FellingTree.php on line 171.
 1 APPPATH/Controllers/FellingTree.php(171): CodeIgniter\Debug\Exceptions->errorHandler()
 2 SYSTEMPATH/CodeIgniter.php(934): App\Controllers\FellingTree->getTreeSpecies()
 3 SYSTEMPATH/CodeIgniter.php(499): CodeIgniter\CodeIgniter->runController()
 4 SYSTEMPATH/CodeIgniter.php(368): CodeIgniter\CodeIgniter->handleRequest()
 5 FCPATH/index.php(68): CodeIgniter\CodeIgniter->run()
CRITICAL - 2023-05-24 12:06:53 --> Undefined variable: userName
in APPPATH/Controllers/FellingTree.php on line 174.
 1 APPPATH/Controllers/FellingTree.php(174): CodeIgniter\Debug\Exceptions->errorHandler()
 2 SYSTEMPATH/CodeIgniter.php(934): App\Controllers\FellingTree->getTreeSpecies()
 3 SYSTEMPATH/CodeIgniter.php(499): CodeIgniter\CodeIgniter->runController()
 4 SYSTEMPATH/CodeIgniter.php(368): CodeIgniter\CodeIgniter->handleRequest()
 5 FCPATH/index.php(68): CodeIgniter\CodeIgniter->run()
CRITICAL - 2023-05-24 12:07:11 --> Call to a member function setJSON() on null
in APPPATH/Controllers/FellingTree.php on line 220.
 1 SYSTEMPATH/CodeIgniter.php(934): App\Controllers\FellingTree->getTreeSpecies()
 2 SYSTEMPATH/CodeIgniter.php(499): CodeIgniter\CodeIgniter->runController()
 3 SYSTEMPATH/CodeIgniter.php(368): CodeIgniter\CodeIgniter->handleRequest()
 4 FCPATH/index.php(68): CodeIgniter\CodeIgniter->run()
CRITICAL - 2023-05-24 12:07:31 --> Call to a member function setJSON() on null
in APPPATH/Controllers/FellingTree.php on line 220.
 1 SYSTEMPATH/CodeIgniter.php(934): App\Controllers\FellingTree->getTreeSpecies()
 2 SYSTEMPATH/CodeIgniter.php(499): CodeIgniter\CodeIgniter->runController()
 3 SYSTEMPATH/CodeIgniter.php(368): CodeIgniter\CodeIgniter->handleRequest()
 4 FCPATH/index.php(68): CodeIgniter\CodeIgniter->run()
CRITICAL - 2023-05-24 12:08:31 --> Call to a member function setJSON() on null
in APPPATH/Controllers/FellingTree.php on line 220.
 1 SYSTEMPATH/CodeIgniter.php(934): App\Controllers\FellingTree->getTreeSpecies()
 2 SYSTEMPATH/CodeIgniter.php(499): CodeIgniter\CodeIgniter->runController()
 3 SYSTEMPATH/CodeIgniter.php(368): CodeIgniter\CodeIgniter->handleRequest()
 4 FCPATH/index.php(68): CodeIgniter\CodeIgniter->run()
CRITICAL - 2023-05-24 12:09:30 --> Cannot use object of type stdClass as array
in APPPATH/Controllers/FellingTree.php on line 115.
 1 SYSTEMPATH/CodeIgniter.php(934): App\Controllers\FellingTree->getTreeSpecies()
 2 SYSTEMPATH/CodeIgniter.php(499): CodeIgniter\CodeIgniter->runController()
 3 SYSTEMPATH/CodeIgniter.php(368): CodeIgniter\CodeIgniter->handleRequest()
 4 FCPATH/index.php(68): CodeIgniter\CodeIgniter->run()
CRITICAL - 2023-05-24 12:10:56 --> Cannot use object of type stdClass as array
in APPPATH/Controllers/FellingTree.php on line 115.
 1 SYSTEMPATH/CodeIgniter.php(934): App\Controllers\FellingTree->getTreeSpecies()
 2 SYSTEMPATH/CodeIgniter.php(499): CodeIgniter\CodeIgniter->runController()
 3 SYSTEMPATH/CodeIgniter.php(368): CodeIgniter\CodeIgniter->handleRequest()
 4 FCPATH/index.php(68): CodeIgniter\CodeIgniter->run()
CRITICAL - 2023-05-24 12:11:08 --> Cannot use object of type stdClass as array
in APPPATH/Controllers/FellingTree.php on line 115.
 1 SYSTEMPATH/CodeIgniter.php(934): App\Controllers\FellingTree->getTreeSpecies()
 2 SYSTEMPATH/CodeIgniter.php(499): CodeIgniter\CodeIgniter->runController()
 3 SYSTEMPATH/CodeIgniter.php(368): CodeIgniter\CodeIgniter->handleRequest()
 4 FCPATH/index.php(68): CodeIgniter\CodeIgniter->run()
CRITICAL - 2023-05-24 12:11:09 --> Cannot use object of type stdClass as array
in APPPATH/Controllers/FellingTree.php on line 115.
 1 SYSTEMPATH/CodeIgniter.php(934): App\Controllers\FellingTree->getTreeSpecies()
 2 SYSTEMPATH/CodeIgniter.php(499): CodeIgniter\CodeIgniter->runController()
 3 SYSTEMPATH/CodeIgniter.php(368): CodeIgniter\CodeIgniter->handleRequest()
 4 FCPATH/index.php(68): CodeIgniter\CodeIgniter->run()
CRITICAL - 2023-05-24 12:11:09 --> Cannot use object of type stdClass as array
in APPPATH/Controllers/FellingTree.php on line 115.
 1 SYSTEMPATH/CodeIgniter.php(934): App\Controllers\FellingTree->getTreeSpecies()
 2 SYSTEMPATH/CodeIgniter.php(499): CodeIgniter\CodeIgniter->runController()
 3 SYSTEMPATH/CodeIgniter.php(368): CodeIgniter\CodeIgniter->handleRequest()
 4 FCPATH/index.php(68): CodeIgniter\CodeIgniter->run()
CRITICAL - 2023-05-24 12:11:13 --> Cannot use object of type stdClass as array
in APPPATH/Controllers/FellingTree.php on line 115.
 1 SYSTEMPATH/CodeIgniter.php(934): App\Controllers\FellingTree->getTreeSpecies()
 2 SYSTEMPATH/CodeIgniter.php(499): CodeIgniter\CodeIgniter->runController()
 3 SYSTEMPATH/CodeIgniter.php(368): CodeIgniter\CodeIgniter->handleRequest()
 4 FCPATH/index.php(68): CodeIgniter\CodeIgniter->run()
CRITICAL - 2023-05-24 12:11:14 --> Cannot use object of type stdClass as array
in APPPATH/Controllers/FellingTree.php on line 115.
 1 SYSTEMPATH/CodeIgniter.php(934): App\Controllers\FellingTree->getTreeSpecies()
 2 SYSTEMPATH/CodeIgniter.php(499): CodeIgniter\CodeIgniter->runController()
 3 SYSTEMPATH/CodeIgniter.php(368): CodeIgniter\CodeIgniter->handleRequest()
 4 FCPATH/index.php(68): CodeIgniter\CodeIgniter->run()
CRITICAL - 2023-05-24 12:11:33 --> Cannot use object of type stdClass as array
in APPPATH/Controllers/FellingTree.php on line 116.
 1 SYSTEMPATH/CodeIgniter.php(934): App\Controllers\FellingTree->getTreeSpecies()
 2 SYSTEMPATH/CodeIgniter.php(499): CodeIgniter\CodeIgniter->runController()
 3 SYSTEMPATH/CodeIgniter.php(368): CodeIgniter\CodeIgniter->handleRequest()
 4 FCPATH/index.php(68): CodeIgniter\CodeIgniter->run()
CRITICAL - 2023-05-24 12:11:34 --> Cannot use object of type stdClass as array
in APPPATH/Controllers/FellingTree.php on line 116.
 1 SYSTEMPATH/CodeIgniter.php(934): App\Controllers\FellingTree->getTreeSpecies()
 2 SYSTEMPATH/CodeIgniter.php(499): CodeIgniter\CodeIgniter->runController()
 3 SYSTEMPATH/CodeIgniter.php(368): CodeIgniter\CodeIgniter->handleRequest()
 4 FCPATH/index.php(68): CodeIgniter\CodeIgniter->run()
CRITICAL - 2023-05-24 12:11:34 --> Cannot use object of type stdClass as array
in APPPATH/Controllers/FellingTree.php on line 116.
 1 SYSTEMPATH/CodeIgniter.php(934): App\Controllers\FellingTree->getTreeSpecies()
 2 SYSTEMPATH/CodeIgniter.php(499): CodeIgniter\CodeIgniter->runController()
 3 SYSTEMPATH/CodeIgniter.php(368): CodeIgniter\CodeIgniter->handleRequest()
 4 FCPATH/index.php(68): CodeIgniter\CodeIgniter->run()
CRITICAL - 2023-05-24 12:12:03 --> Cannot use object of type stdClass as array
in APPPATH/Controllers/FellingTree.php on line 116.
 1 SYSTEMPATH/CodeIgniter.php(934): App\Controllers\FellingTree->getTreeSpecies()
 2 SYSTEMPATH/CodeIgniter.php(499): CodeIgniter\CodeIgniter->runController()
 3 SYSTEMPATH/CodeIgniter.php(368): CodeIgniter\CodeIgniter->handleRequest()
 4 FCPATH/index.php(68): CodeIgniter\CodeIgniter->run()
CRITICAL - 2023-05-24 12:12:04 --> Cannot use object of type stdClass as array
in APPPATH/Controllers/FellingTree.php on line 116.
 1 SYSTEMPATH/CodeIgniter.php(934): App\Controllers\FellingTree->getTreeSpecies()
 2 SYSTEMPATH/CodeIgniter.php(499): CodeIgniter\CodeIgniter->runController()
 3 SYSTEMPATH/CodeIgniter.php(368): CodeIgniter\CodeIgniter->handleRequest()
 4 FCPATH/index.php(68): CodeIgniter\CodeIgniter->run()
CRITICAL - 2023-05-24 12:12:04 --> Cannot use object of type stdClass as array
in APPPATH/Controllers/FellingTree.php on line 116.
 1 SYSTEMPATH/CodeIgniter.php(934): App\Controllers\FellingTree->getTreeSpecies()
 2 SYSTEMPATH/CodeIgniter.php(499): CodeIgniter\CodeIgniter->runController()
 3 SYSTEMPATH/CodeIgniter.php(368): CodeIgniter\CodeIgniter->handleRequest()
 4 FCPATH/index.php(68): CodeIgniter\CodeIgniter->run()
CRITICAL - 2023-05-24 12:12:55 --> Call to a member function setJSON() on null
in APPPATH/Controllers/FellingTree.php on line 222.
 1 SYSTEMPATH/CodeIgniter.php(934): App\Controllers\FellingTree->getTreeSpecies()
 2 SYSTEMPATH/CodeIgniter.php(499): CodeIgniter\CodeIgniter->runController()
 3 SYSTEMPATH/CodeIgniter.php(368): CodeIgniter\CodeIgniter->handleRequest()
 4 FCPATH/index.php(68): CodeIgniter\CodeIgniter->run()
CRITICAL - 2023-05-24 12:13:37 --> Call to a member function setJSON() on null
in APPPATH/Controllers/FellingTree.php on line 222.
 1 SYSTEMPATH/CodeIgniter.php(934): App\Controllers\FellingTree->getTreeSpecies()
 2 SYSTEMPATH/CodeIgniter.php(499): CodeIgniter\CodeIgniter->runController()
 3 SYSTEMPATH/CodeIgniter.php(368): CodeIgniter\CodeIgniter->handleRequest()
 4 FCPATH/index.php(68): CodeIgniter\CodeIgniter->run()
CRITICAL - 2023-05-24 12:14:22 --> Call to a member function setJSON() on null
in APPPATH/Controllers/FellingTree.php on line 222.
 1 SYSTEMPATH/CodeIgniter.php(934): App\Controllers\FellingTree->getTreeSpecies()
 2 SYSTEMPATH/CodeIgniter.php(499): CodeIgniter\CodeIgniter->runController()
 3 SYSTEMPATH/CodeIgniter.php(368): CodeIgniter\CodeIgniter->handleRequest()
 4 FCPATH/index.php(68): CodeIgniter\CodeIgniter->run()
CRITICAL - 2023-05-24 12:20:49 --> Call to a member function setJSON() on null
in APPPATH/Controllers/FellingTree.php on line 222.
 1 SYSTEMPATH/CodeIgniter.php(934): App\Controllers\FellingTree->getTreeSpecies()
 2 SYSTEMPATH/CodeIgniter.php(499): CodeIgniter\CodeIgniter->runController()
 3 SYSTEMPATH/CodeIgniter.php(368): CodeIgniter\CodeIgniter->handleRequest()
 4 FCPATH/index.php(68): CodeIgniter\CodeIgniter->run()
CRITICAL - 2023-05-24 12:21:26 --> Call to a member function setJSON() on null
in APPPATH/Controllers/FellingTree.php on line 222.
 1 SYSTEMPATH/CodeIgniter.php(934): App\Controllers\FellingTree->getTreeSpecies()
 2 SYSTEMPATH/CodeIgniter.php(499): CodeIgniter\CodeIgniter->runController()
 3 SYSTEMPATH/CodeIgniter.php(368): CodeIgniter\CodeIgniter->handleRequest()
 4 FCPATH/index.php(68): CodeIgniter\CodeIgniter->run()
CRITICAL - 2023-05-24 12:21:44 --> Call to a member function setJSON() on null
in APPPATH/Controllers/FellingTree.php on line 222.
 1 SYSTEMPATH/CodeIgniter.php(934): App\Controllers\FellingTree->getTreeSpecies()
 2 SYSTEMPATH/CodeIgniter.php(499): CodeIgniter\CodeIgniter->runController()
 3 SYSTEMPATH/CodeIgniter.php(368): CodeIgniter\CodeIgniter->handleRequest()
 4 FCPATH/index.php(68): CodeIgniter\CodeIgniter->run()
CRITICAL - 2023-05-24 12:22:22 --> Call to a member function setJSON() on null
in APPPATH/Controllers/FellingTree.php on line 222.
 1 SYSTEMPATH/CodeIgniter.php(934): App\Controllers\FellingTree->getTreeSpecies()
 2 SYSTEMPATH/CodeIgniter.php(499): CodeIgniter\CodeIgniter->runController()
 3 SYSTEMPATH/CodeIgniter.php(368): CodeIgniter\CodeIgniter->handleRequest()
 4 FCPATH/index.php(68): CodeIgniter\CodeIgniter->run()
CRITICAL - 2023-05-24 12:23:04 --> Call to a member function setJSON() on null
in APPPATH/Controllers/FellingTree.php on line 222.
 1 SYSTEMPATH/CodeIgniter.php(934): App\Controllers\FellingTree->getTreeSpecies()
 2 SYSTEMPATH/CodeIgniter.php(499): CodeIgniter\CodeIgniter->runController()
 3 SYSTEMPATH/CodeIgniter.php(368): CodeIgniter\CodeIgniter->handleRequest()
 4 FCPATH/index.php(68): CodeIgniter\CodeIgniter->run()
CRITICAL - 2023-05-24 12:23:31 --> Call to a member function setJSON() on null
in APPPATH/Controllers/FellingTree.php on line 222.
 1 SYSTEMPATH/CodeIgniter.php(934): App\Controllers\FellingTree->getTreeSpecies()
 2 SYSTEMPATH/CodeIgniter.php(499): CodeIgniter\CodeIgniter->runController()
 3 SYSTEMPATH/CodeIgniter.php(368): CodeIgniter\CodeIgniter->handleRequest()
 4 FCPATH/index.php(68): CodeIgniter\CodeIgniter->run()
CRITICAL - 2023-05-24 12:24:50 --> Call to a member function setJSON() on null
in APPPATH/Controllers/FellingTree.php on line 222.
 1 SYSTEMPATH/CodeIgniter.php(934): App\Controllers\FellingTree->getTreeSpecies()
 2 SYSTEMPATH/CodeIgniter.php(499): CodeIgniter\CodeIgniter->runController()
 3 SYSTEMPATH/CodeIgniter.php(368): CodeIgniter\CodeIgniter->handleRequest()
 4 FCPATH/index.php(68): CodeIgniter\CodeIgniter->run()
CRITICAL - 2023-05-24 12:25:21 --> Call to a member function setJSON() on null
in APPPATH/Controllers/FellingTree.php on line 222.
 1 SYSTEMPATH/CodeIgniter.php(934): App\Controllers\FellingTree->getTreeSpecies()
 2 SYSTEMPATH/CodeIgniter.php(499): CodeIgniter\CodeIgniter->runController()
 3 SYSTEMPATH/CodeIgniter.php(368): CodeIgniter\CodeIgniter->handleRequest()
 4 FCPATH/index.php(68): CodeIgniter\CodeIgniter->run()
CRITICAL - 2023-05-24 12:27:47 --> Call to a member function setJSON() on null
in APPPATH/Controllers/FellingTree.php on line 223.
 1 SYSTEMPATH/CodeIgniter.php(934): App\Controllers\FellingTree->getTreeSpecies()
 2 SYSTEMPATH/CodeIgniter.php(499): CodeIgniter\CodeIgniter->runController()
 3 SYSTEMPATH/CodeIgniter.php(368): CodeIgniter\CodeIgniter->handleRequest()
 4 FCPATH/index.php(68): CodeIgniter\CodeIgniter->run()
CRITICAL - 2023-05-24 12:28:30 --> Call to a member function setJSON() on null
in APPPATH/Controllers/FellingTree.php on line 224.
 1 SYSTEMPATH/CodeIgniter.php(934): App\Controllers\FellingTree->getTreeSpecies()
 2 SYSTEMPATH/CodeIgniter.php(499): CodeIgniter\CodeIgniter->runController()
 3 SYSTEMPATH/CodeIgniter.php(368): CodeIgniter\CodeIgniter->handleRequest()
 4 FCPATH/index.php(68): CodeIgniter\CodeIgniter->run()
CRITICAL - 2023-05-24 12:29:18 --> Call to a member function setJSON() on null
in APPPATH/Controllers/FellingTree.php on line 224.
 1 SYSTEMPATH/CodeIgniter.php(934): App\Controllers\FellingTree->getTreeSpecies()
 2 SYSTEMPATH/CodeIgniter.php(499): CodeIgniter\CodeIgniter->runController()
 3 SYSTEMPATH/CodeIgniter.php(368): CodeIgniter\CodeIgniter->handleRequest()
 4 FCPATH/index.php(68): CodeIgniter\CodeIgniter->run()
