CRITICAL - 2023-06-01 07:43:08 --> Trying to get property 'khasra' of non-object
in APPPATH/Controllers/FellingTree.php on line 43.
 1 APPPATH/Controllers/FellingTree.php(43): CodeIgniter\Debug\Exceptions->errorHandler()
 2 SYSTEMPATH/CodeIgniter.php(934): App\Controllers\FellingTree->insertFellingTrees()
 3 SYSTEMPATH/CodeIgniter.php(499): CodeIgniter\CodeIgniter->runController()
 4 SYSTEMPATH/CodeIgniter.php(368): CodeIgniter\CodeIgniter->handleRequest()
 5 FCPATH/index.php(68): CodeIgniter\CodeIgniter->run()
CRITICAL - 2023-06-01 07:44:26 --> Undefined index: khasr
in APPPATH/Controllers/FellingTree.php on line 43.
 1 APPPATH/Controllers/FellingTree.php(43): CodeIgniter\Debug\Exceptions->errorHandler()
 2 SYSTEMPATH/CodeIgniter.php(934): App\Controllers\FellingTree->insertFellingTrees()
 3 SYSTEMPATH/CodeIgniter.php(499): CodeIgniter\CodeIgniter->runController()
 4 SYSTEMPATH/CodeIgniter.php(368): CodeIgniter\CodeIgniter->handleRequest()
 5 FCPATH/index.php(68): CodeIgniter\CodeIgniter->run()
CRITICAL - 2023-06-01 07:45:00 --> Call to a member function getRandomName() on string
in APPPATH/Controllers/FellingTree.php on line 43.
 1 SYSTEMPATH/CodeIgniter.php(934): App\Controllers\FellingTree->insertFellingTrees()
 2 SYSTEMPATH/CodeIgniter.php(499): CodeIgniter\CodeIgniter->runController()
 3 SYSTEMPATH/CodeIgniter.php(368): CodeIgniter\CodeIgniter->handleRequest()
 4 FCPATH/index.php(68): CodeIgniter\CodeIgniter->run()
CRITICAL - 2023-06-01 07:52:42 --> Undefined variable: file_exten
in APPPATH/Controllers/FellingTree.php on line 44.
 1 APPPATH/Controllers/FellingTree.php(44): CodeIgniter\Debug\Exceptions->errorHandler()
 2 SYSTEMPATH/CodeIgniter.php(934): App\Controllers\FellingTree->insertFellingTrees()
 3 SYSTEMPATH/CodeIgniter.php(499): CodeIgniter\CodeIgniter->runController()
 4 SYSTEMPATH/CodeIgniter.php(368): CodeIgniter\CodeIgniter->handleRequest()
 5 FCPATH/index.php(68): CodeIgniter\CodeIgniter->run()
CRITICAL - 2023-06-01 07:53:46 --> Undefined index: khasra
in APPPATH/Controllers/FellingTree.php on line 44.
 1 APPPATH/Controllers/FellingTree.php(44): CodeIgniter\Debug\Exceptions->errorHandler()
 2 SYSTEMPATH/CodeIgniter.php(934): App\Controllers\FellingTree->insertFellingTrees()
 3 SYSTEMPATH/CodeIgniter.php(499): CodeIgniter\CodeIgniter->runController()
 4 SYSTEMPATH/CodeIgniter.php(368): CodeIgniter\CodeIgniter->handleRequest()
 5 FCPATH/index.php(68): CodeIgniter\CodeIgniter->run()
CRITICAL - 2023-06-01 09:05:59 --> Illegal string offset 'name'
in APPPATH/Controllers/FellingTree.php on line 44.
 1 APPPATH/Controllers/FellingTree.php(44): CodeIgniter\Debug\Exceptions->errorHandler()
 2 SYSTEMPATH/CodeIgniter.php(934): App\Controllers\FellingTree->insertFellingTrees()
 3 SYSTEMPATH/CodeIgniter.php(499): CodeIgniter\CodeIgniter->runController()
 4 SYSTEMPATH/CodeIgniter.php(368): CodeIgniter\CodeIgniter->handleRequest()
 5 FCPATH/index.php(68): CodeIgniter\CodeIgniter->run()
CRITICAL - 2023-06-01 09:41:36 --> Undefined index: bank_details
in APPPATH/Controllers/FellingTree.php on line 50.
 1 APPPATH/Controllers/FellingTree.php(50): CodeIgniter\Debug\Exceptions->errorHandler()
 2 SYSTEMPATH/CodeIgniter.php(934): App\Controllers\FellingTree->insertFellingTrees()
 3 SYSTEMPATH/CodeIgniter.php(499): CodeIgniter\CodeIgniter->runController()
 4 SYSTEMPATH/CodeIgniter.php(368): CodeIgniter\CodeIgniter->handleRequest()
 5 FCPATH/index.php(68): CodeIgniter\CodeIgniter->run()
