CRITICAL - 2023-06-08 06:45:06 --> Undefined property: App\Controllers\FellingTree::$requrest
in APPPATH/Controllers/FellingTree.php on line 46.
 1 APPPATH/Controllers/FellingTree.php(46): CodeIgniter\Debug\Exceptions->errorHandler()
 2 SYSTEMPATH/CodeIgniter.php(934): App\Controllers\FellingTree->insertFellingTrees()
 3 SYSTEMPATH/CodeIgniter.php(499): CodeIgniter\CodeIgniter->runController()
 4 SYSTEMPATH/CodeIgniter.php(368): CodeIgniter\CodeIgniter->handleRequest()
 5 FCPATH/index.php(68): CodeIgniter\CodeIgniter->run()
CRITICAL - 2023-06-08 07:54:28 --> Undefined index: file
in APPPATH/Controllers/FellingTree.php on line 46.
 1 APPPATH/Controllers/FellingTree.php(46): CodeIgniter\Debug\Exceptions->errorHandler()
 2 SYSTEMPATH/CodeIgniter.php(934): App\Controllers\FellingTree->insertFellingTrees()
 3 SYSTEMPATH/CodeIgniter.php(499): CodeIgniter\CodeIgniter->runController()
 4 SYSTEMPATH/CodeIgniter.php(368): CodeIgniter\CodeIgniter->handleRequest()
 5 FCPATH/index.php(68): CodeIgniter\CodeIgniter->run()
CRITICAL - 2023-06-08 08:03:17 --> Undefined variable: _File
in APPPATH/Controllers/FellingTree.php on line 46.
 1 APPPATH/Controllers/FellingTree.php(46): CodeIgniter\Debug\Exceptions->errorHandler()
 2 SYSTEMPATH/CodeIgniter.php(934): App\Controllers\FellingTree->insertFellingTrees()
 3 SYSTEMPATH/CodeIgniter.php(499): CodeIgniter\CodeIgniter->runController()
 4 SYSTEMPATH/CodeIgniter.php(368): CodeIgniter\CodeIgniter->handleRequest()
 5 FCPATH/index.php(68): CodeIgniter\CodeIgniter->run()
CRITICAL - 2023-06-08 09:25:51 --> json_decode() expects parameter 1 to be string, array given
in APPPATH/Controllers/FellingTree.php on line 46.
 1 [internal function]: CodeIgniter\Debug\Exceptions->errorHandler()
 2 APPPATH/Controllers/FellingTree.php(46): json_decode()
 3 SYSTEMPATH/CodeIgniter.php(934): App\Controllers\FellingTree->insertFellingTrees()
 4 SYSTEMPATH/CodeIgniter.php(499): CodeIgniter\CodeIgniter->runController()
 5 SYSTEMPATH/CodeIgniter.php(368): CodeIgniter\CodeIgniter->handleRequest()
 6 FCPATH/index.php(68): CodeIgniter\CodeIgniter->run()
CRITICAL - 2023-06-08 09:26:23 --> json_decode() expects parameter 1 to be string, array given
in APPPATH/Controllers/FellingTree.php on line 46.
 1 [internal function]: CodeIgniter\Debug\Exceptions->errorHandler()
 2 APPPATH/Controllers/FellingTree.php(46): json_decode()
 3 SYSTEMPATH/CodeIgniter.php(934): App\Controllers\FellingTree->insertFellingTrees()
 4 SYSTEMPATH/CodeIgniter.php(499): CodeIgniter\CodeIgniter->runController()
 5 SYSTEMPATH/CodeIgniter.php(368): CodeIgniter\CodeIgniter->handleRequest()
 6 FCPATH/index.php(68): CodeIgniter\CodeIgniter->run()
CRITICAL - 2023-06-08 09:26:34 --> json_decode() expects parameter 1 to be string, array given
in APPPATH/Controllers/FellingTree.php on line 46.
 1 [internal function]: CodeIgniter\Debug\Exceptions->errorHandler()
 2 APPPATH/Controllers/FellingTree.php(46): json_decode()
 3 SYSTEMPATH/CodeIgniter.php(934): App\Controllers\FellingTree->insertFellingTrees()
 4 SYSTEMPATH/CodeIgniter.php(499): CodeIgniter\CodeIgniter->runController()
 5 SYSTEMPATH/CodeIgniter.php(368): CodeIgniter\CodeIgniter->handleRequest()
 6 FCPATH/index.php(68): CodeIgniter\CodeIgniter->run()
CRITICAL - 2023-06-08 09:30:15 --> json_decode() expects parameter 1 to be string, array given
in APPPATH/Controllers/FellingTree.php on line 46.
 1 [internal function]: CodeIgniter\Debug\Exceptions->errorHandler()
 2 APPPATH/Controllers/FellingTree.php(46): json_decode()
 3 SYSTEMPATH/CodeIgniter.php(934): App\Controllers\FellingTree->insertFellingTrees()
 4 SYSTEMPATH/CodeIgniter.php(499): CodeIgniter\CodeIgniter->runController()
 5 SYSTEMPATH/CodeIgniter.php(368): CodeIgniter\CodeIgniter->handleRequest()
 6 FCPATH/index.php(68): CodeIgniter\CodeIgniter->run()
CRITICAL - 2023-06-08 09:30:51 --> json_decode() expects parameter 1 to be string, array given
in APPPATH/Controllers/FellingTree.php on line 46.
 1 [internal function]: CodeIgniter\Debug\Exceptions->errorHandler()
 2 APPPATH/Controllers/FellingTree.php(46): json_decode()
 3 SYSTEMPATH/CodeIgniter.php(934): App\Controllers\FellingTree->insertFellingTrees()
 4 SYSTEMPATH/CodeIgniter.php(499): CodeIgniter\CodeIgniter->runController()
 5 SYSTEMPATH/CodeIgniter.php(368): CodeIgniter\CodeIgniter->handleRequest()
 6 FCPATH/index.php(68): CodeIgniter\CodeIgniter->run()
CRITICAL - 2023-06-08 09:32:07 --> json_decode() expects parameter 1 to be string, array given
in APPPATH/Controllers/FellingTree.php on line 46.
 1 [internal function]: CodeIgniter\Debug\Exceptions->errorHandler()
 2 APPPATH/Controllers/FellingTree.php(46): json_decode()
 3 SYSTEMPATH/CodeIgniter.php(934): App\Controllers\FellingTree->insertFellingTrees()
 4 SYSTEMPATH/CodeIgniter.php(499): CodeIgniter\CodeIgniter->runController()
 5 SYSTEMPATH/CodeIgniter.php(368): CodeIgniter\CodeIgniter->handleRequest()
 6 FCPATH/index.php(68): CodeIgniter\CodeIgniter->run()
CRITICAL - 2023-06-08 09:32:45 --> json_decode() expects parameter 1 to be string, array given
in APPPATH/Controllers/FellingTree.php on line 46.
 1 [internal function]: CodeIgniter\Debug\Exceptions->errorHandler()
 2 APPPATH/Controllers/FellingTree.php(46): json_decode()
 3 SYSTEMPATH/CodeIgniter.php(934): App\Controllers\FellingTree->insertFellingTrees()
 4 SYSTEMPATH/CodeIgniter.php(499): CodeIgniter\CodeIgniter->runController()
 5 SYSTEMPATH/CodeIgniter.php(368): CodeIgniter\CodeIgniter->handleRequest()
 6 FCPATH/index.php(68): CodeIgniter\CodeIgniter->run()
CRITICAL - 2023-06-08 12:25:49 --> Undefined variable: roture
in APPPATH/Config/Routes.php on line 42.
 1 APPPATH/Config/Routes.php(42): CodeIgniter\Debug\Exceptions->errorHandler()
 2 SYSTEMPATH/Router/RouteCollection.php(267): require('/var/www/html/eservices/app/Config/Routes.php')
 3 SYSTEMPATH/CodeIgniter.php(802): CodeIgniter\Router\RouteCollection->loadRoutes()
 4 SYSTEMPATH/CodeIgniter.php(449): CodeIgniter\CodeIgniter->tryToRouteIt()
 5 SYSTEMPATH/CodeIgniter.php(368): CodeIgniter\CodeIgniter->handleRequest()
 6 FCPATH/index.php(68): CodeIgniter\CodeIgniter->run()
